{
  "C:\\dev\\enterprise-fetch\\dist\\client\\enterprise-fetch.esm.js": {
    "path": "C:\\dev\\enterprise-fetch\\dist\\client\\enterprise-fetch.esm.js",
    "statementMap": {
      "0": {
        "start": {
          "line": 1,
          "column": 14
        },
        "end": {
          "line": 605,
          "column": 12
        }
      },
      "1": {
        "start": {
          "line": 4,
          "column": 39
        },
        "end": {
          "line": 4,
          "column": 114
        }
      },
      "2": {
        "start": {
          "line": 6,
          "column": 36
        },
        "end": {
          "line": 6,
          "column": 64
        }
      },
      "3": {
        "start": {
          "line": 9,
          "column": 4
        },
        "end": {
          "line": 18,
          "column": 5
        }
      },
      "4": {
        "start": {
          "line": 10,
          "column": 6
        },
        "end": {
          "line": 15,
          "column": 9
        }
      },
      "5": {
        "start": {
          "line": 17,
          "column": 6
        },
        "end": {
          "line": 17,
          "column": 23
        }
      },
      "6": {
        "start": {
          "line": 20,
          "column": 4
        },
        "end": {
          "line": 20,
          "column": 15
        }
      },
      "7": {
        "start": {
          "line": 24,
          "column": 15
        },
        "end": {
          "line": 24,
          "column": 34
        }
      },
      "8": {
        "start": {
          "line": 26,
          "column": 4
        },
        "end": {
          "line": 32,
          "column": 5
        }
      },
      "9": {
        "start": {
          "line": 27,
          "column": 20
        },
        "end": {
          "line": 27,
          "column": 56
        }
      },
      "10": {
        "start": {
          "line": 28,
          "column": 6
        },
        "end": {
          "line": 30,
          "column": 9
        }
      },
      "11": {
        "start": {
          "line": 28,
          "column": 26
        },
        "end": {
          "line": 30,
          "column": 9
        }
      },
      "12": {
        "start": {
          "line": 29,
          "column": 8
        },
        "end": {
          "line": 29,
          "column": 71
        }
      },
      "13": {
        "start": {
          "line": 31,
          "column": 6
        },
        "end": {
          "line": 31,
          "column": 37
        }
      },
      "14": {
        "start": {
          "line": 34,
          "column": 4
        },
        "end": {
          "line": 34,
          "column": 16
        }
      },
      "15": {
        "start": {
          "line": 38,
          "column": 4
        },
        "end": {
          "line": 52,
          "column": 5
        }
      },
      "16": {
        "start": {
          "line": 38,
          "column": 17
        },
        "end": {
          "line": 38,
          "column": 18
        }
      },
      "17": {
        "start": {
          "line": 39,
          "column": 19
        },
        "end": {
          "line": 39,
          "column": 59
        }
      },
      "18": {
        "start": {
          "line": 41,
          "column": 6
        },
        "end": {
          "line": 51,
          "column": 7
        }
      },
      "19": {
        "start": {
          "line": 42,
          "column": 8
        },
        "end": {
          "line": 44,
          "column": 11
        }
      },
      "20": {
        "start": {
          "line": 43,
          "column": 10
        },
        "end": {
          "line": 43,
          "column": 52
        }
      },
      "21": {
        "start": {
          "line": 45,
          "column": 13
        },
        "end": {
          "line": 51,
          "column": 7
        }
      },
      "22": {
        "start": {
          "line": 46,
          "column": 8
        },
        "end": {
          "line": 46,
          "column": 82
        }
      },
      "23": {
        "start": {
          "line": 48,
          "column": 8
        },
        "end": {
          "line": 50,
          "column": 11
        }
      },
      "24": {
        "start": {
          "line": 49,
          "column": 10
        },
        "end": {
          "line": 49,
          "column": 91
        }
      },
      "25": {
        "start": {
          "line": 54,
          "column": 4
        },
        "end": {
          "line": 54,
          "column": 18
        }
      },
      "26": {
        "start": {
          "line": 58,
          "column": 4
        },
        "end": {
          "line": 58,
          "column": 34
        }
      },
      "27": {
        "start": {
          "line": 58,
          "column": 24
        },
        "end": {
          "line": 58,
          "column": 34
        }
      },
      "28": {
        "start": {
          "line": 59,
          "column": 17
        },
        "end": {
          "line": 59,
          "column": 19
        }
      },
      "29": {
        "start": {
          "line": 60,
          "column": 21
        },
        "end": {
          "line": 60,
          "column": 40
        }
      },
      "30": {
        "start": {
          "line": 63,
          "column": 4
        },
        "end": {
          "line": 67,
          "column": 5
        }
      },
      "31": {
        "start": {
          "line": 64,
          "column": 6
        },
        "end": {
          "line": 64,
          "column": 26
        }
      },
      "32": {
        "start": {
          "line": 65,
          "column": 6
        },
        "end": {
          "line": 65,
          "column": 47
        }
      },
      "33": {
        "start": {
          "line": 65,
          "column": 38
        },
        "end": {
          "line": 65,
          "column": 47
        }
      },
      "34": {
        "start": {
          "line": 66,
          "column": 6
        },
        "end": {
          "line": 66,
          "column": 32
        }
      },
      "35": {
        "start": {
          "line": 69,
          "column": 4
        },
        "end": {
          "line": 69,
          "column": 18
        }
      },
      "36": {
        "start": {
          "line": 73,
          "column": 4
        },
        "end": {
          "line": 73,
          "column": 34
        }
      },
      "37": {
        "start": {
          "line": 73,
          "column": 24
        },
        "end": {
          "line": 73,
          "column": 34
        }
      },
      "38": {
        "start": {
          "line": 75,
          "column": 17
        },
        "end": {
          "line": 75,
          "column": 64
        }
      },
      "39": {
        "start": {
          "line": 79,
          "column": 4
        },
        "end": {
          "line": 88,
          "column": 5
        }
      },
      "40": {
        "start": {
          "line": 80,
          "column": 29
        },
        "end": {
          "line": 80,
          "column": 65
        }
      },
      "41": {
        "start": {
          "line": 82,
          "column": 6
        },
        "end": {
          "line": 87,
          "column": 7
        }
      },
      "42": {
        "start": {
          "line": 83,
          "column": 8
        },
        "end": {
          "line": 83,
          "column": 34
        }
      },
      "43": {
        "start": {
          "line": 84,
          "column": 8
        },
        "end": {
          "line": 84,
          "column": 49
        }
      },
      "44": {
        "start": {
          "line": 84,
          "column": 40
        },
        "end": {
          "line": 84,
          "column": 49
        }
      },
      "45": {
        "start": {
          "line": 85,
          "column": 8
        },
        "end": {
          "line": 85,
          "column": 79
        }
      },
      "46": {
        "start": {
          "line": 85,
          "column": 70
        },
        "end": {
          "line": 85,
          "column": 79
        }
      },
      "47": {
        "start": {
          "line": 86,
          "column": 8
        },
        "end": {
          "line": 86,
          "column": 34
        }
      },
      "48": {
        "start": {
          "line": 90,
          "column": 4
        },
        "end": {
          "line": 90,
          "column": 18
        }
      },
      "49": {
        "start": {
          "line": 94,
          "column": 6
        },
        "end": {
          "line": 100,
          "column": 7
        }
      },
      "50": {
        "start": {
          "line": 95,
          "column": 10
        },
        "end": {
          "line": 99,
          "column": 13
        }
      },
      "51": {
        "start": {
          "line": 102,
          "column": 6
        },
        "end": {
          "line": 102,
          "column": 17
        }
      },
      "52": {
        "start": {
          "line": 106,
          "column": 6
        },
        "end": {
          "line": 108,
          "column": 7
        }
      },
      "53": {
        "start": {
          "line": 107,
          "column": 10
        },
        "end": {
          "line": 107,
          "column": 66
        }
      },
      "54": {
        "start": {
          "line": 110,
          "column": 6
        },
        "end": {
          "line": 112,
          "column": 7
        }
      },
      "55": {
        "start": {
          "line": 111,
          "column": 10
        },
        "end": {
          "line": 111,
          "column": 21
        }
      },
      "56": {
        "start": {
          "line": 114,
          "column": 6
        },
        "end": {
          "line": 117,
          "column": 7
        }
      },
      "57": {
        "start": {
          "line": 115,
          "column": 10
        },
        "end": {
          "line": 115,
          "column": 23
        }
      },
      "58": {
        "start": {
          "line": 116,
          "column": 10
        },
        "end": {
          "line": 116,
          "column": 27
        }
      },
      "59": {
        "start": {
          "line": 119,
          "column": 6
        },
        "end": {
          "line": 121,
          "column": 7
        }
      },
      "60": {
        "start": {
          "line": 120,
          "column": 10
        },
        "end": {
          "line": 120,
          "column": 28
        }
      },
      "61": {
        "start": {
          "line": 123,
          "column": 6
        },
        "end": {
          "line": 134,
          "column": 7
        }
      },
      "62": {
        "start": {
          "line": 124,
          "column": 10
        },
        "end": {
          "line": 124,
          "column": 36
        }
      },
      "63": {
        "start": {
          "line": 126,
          "column": 10
        },
        "end": {
          "line": 126,
          "column": 38
        }
      },
      "64": {
        "start": {
          "line": 127,
          "column": 10
        },
        "end": {
          "line": 127,
          "column": 34
        }
      },
      "65": {
        "start": {
          "line": 129,
          "column": 27
        },
        "end": {
          "line": 129,
          "column": 41
        }
      },
      "66": {
        "start": {
          "line": 131,
          "column": 10
        },
        "end": {
          "line": 131,
          "column": 73
        }
      },
      "67": {
        "start": {
          "line": 133,
          "column": 10
        },
        "end": {
          "line": 133,
          "column": 47
        }
      },
      "68": {
        "start": {
          "line": 137,
          "column": 16
        },
        "end": {
          "line": 137,
          "column": 27
        }
      },
      "69": {
        "start": {
          "line": 140,
          "column": 17
        },
        "end": {
          "line": 140,
          "column": 32
        }
      },
      "70": {
        "start": {
          "line": 141,
          "column": 3
        },
        "end": {
          "line": 141,
          "column": 53
        }
      },
      "71": {
        "start": {
          "line": 146,
          "column": 4
        },
        "end": {
          "line": 148,
          "column": 5
        }
      },
      "72": {
        "start": {
          "line": 147,
          "column": 6
        },
        "end": {
          "line": 147,
          "column": 37
        }
      },
      "73": {
        "start": {
          "line": 150,
          "column": 4
        },
        "end": {
          "line": 150,
          "column": 66
        }
      },
      "74": {
        "start": {
          "line": 151,
          "column": 4
        },
        "end": {
          "line": 151,
          "column": 30
        }
      },
      "75": {
        "start": {
          "line": 152,
          "column": 4
        },
        "end": {
          "line": 152,
          "column": 34
        }
      },
      "76": {
        "start": {
          "line": 153,
          "column": 4
        },
        "end": {
          "line": 153,
          "column": 69
        }
      },
      "77": {
        "start": {
          "line": 154,
          "column": 4
        },
        "end": {
          "line": 154,
          "column": 20
        }
      },
      "78": {
        "start": {
          "line": 155,
          "column": 4
        },
        "end": {
          "line": 155,
          "column": 22
        }
      },
      "79": {
        "start": {
          "line": 156,
          "column": 4
        },
        "end": {
          "line": 156,
          "column": 23
        }
      },
      "80": {
        "start": {
          "line": 157,
          "column": 4
        },
        "end": {
          "line": 157,
          "column": 34
        }
      },
      "81": {
        "start": {
          "line": 158,
          "column": 4
        },
        "end": {
          "line": 158,
          "column": 36
        }
      },
      "82": {
        "start": {
          "line": 159,
          "column": 4
        },
        "end": {
          "line": 159,
          "column": 25
        }
      },
      "83": {
        "start": {
          "line": 160,
          "column": 4
        },
        "end": {
          "line": 160,
          "column": 32
        }
      },
      "84": {
        "start": {
          "line": 162,
          "column": 4
        },
        "end": {
          "line": 164,
          "column": 5
        }
      },
      "85": {
        "start": {
          "line": 163,
          "column": 6
        },
        "end": {
          "line": 163,
          "column": 53
        }
      },
      "86": {
        "start": {
          "line": 166,
          "column": 24
        },
        "end": {
          "line": 166,
          "column": 38
        }
      },
      "87": {
        "start": {
          "line": 168,
          "column": 2
        },
        "end": {
          "line": 171,
          "column": 4
        }
      },
      "88": {
        "start": {
          "line": 169,
          "column": 4
        },
        "end": {
          "line": 169,
          "column": 23
        }
      },
      "89": {
        "start": {
          "line": 170,
          "column": 4
        },
        "end": {
          "line": 170,
          "column": 44
        }
      },
      "90": {
        "start": {
          "line": 173,
          "column": 2
        },
        "end": {
          "line": 180,
          "column": 4
        }
      },
      "91": {
        "start": {
          "line": 174,
          "column": 4
        },
        "end": {
          "line": 176,
          "column": 5
        }
      },
      "92": {
        "start": {
          "line": 175,
          "column": 6
        },
        "end": {
          "line": 175,
          "column": 34
        }
      },
      "93": {
        "start": {
          "line": 178,
          "column": 4
        },
        "end": {
          "line": 178,
          "column": 30
        }
      },
      "94": {
        "start": {
          "line": 179,
          "column": 4
        },
        "end": {
          "line": 179,
          "column": 32
        }
      },
      "95": {
        "start": {
          "line": 182,
          "column": 2
        },
        "end": {
          "line": 232,
          "column": 4
        }
      },
      "96": {
        "start": {
          "line": 183,
          "column": 4
        },
        "end": {
          "line": 185,
          "column": 5
        }
      },
      "97": {
        "start": {
          "line": 184,
          "column": 6
        },
        "end": {
          "line": 184,
          "column": 34
        }
      },
      "98": {
        "start": {
          "line": 187,
          "column": 4
        },
        "end": {
          "line": 189,
          "column": 5
        }
      },
      "99": {
        "start": {
          "line": 188,
          "column": 6
        },
        "end": {
          "line": 188,
          "column": 19
        }
      },
      "100": {
        "start": {
          "line": 190,
          "column": 22
        },
        "end": {
          "line": 190,
          "column": 42
        }
      },
      "101": {
        "start": {
          "line": 191,
          "column": 4
        },
        "end": {
          "line": 194,
          "column": 5
        }
      },
      "102": {
        "start": {
          "line": 192,
          "column": 6
        },
        "end": {
          "line": 192,
          "column": 73
        }
      },
      "103": {
        "start": {
          "line": 193,
          "column": 6
        },
        "end": {
          "line": 193,
          "column": 19
        }
      },
      "104": {
        "start": {
          "line": 196,
          "column": 4
        },
        "end": {
          "line": 196,
          "column": 27
        }
      },
      "105": {
        "start": {
          "line": 198,
          "column": 18
        },
        "end": {
          "line": 198,
          "column": 40
        }
      },
      "106": {
        "start": {
          "line": 199,
          "column": 4
        },
        "end": {
          "line": 208,
          "column": 5
        }
      },
      "107": {
        "start": {
          "line": 200,
          "column": 6
        },
        "end": {
          "line": 207,
          "column": 7
        }
      },
      "108": {
        "start": {
          "line": 202,
          "column": 8
        },
        "end": {
          "line": 202,
          "column": 74
        }
      },
      "109": {
        "start": {
          "line": 203,
          "column": 8
        },
        "end": {
          "line": 203,
          "column": 55
        }
      },
      "110": {
        "start": {
          "line": 204,
          "column": 8
        },
        "end": {
          "line": 204,
          "column": 41
        }
      },
      "111": {
        "start": {
          "line": 206,
          "column": 8
        },
        "end": {
          "line": 206,
          "column": 21
        }
      },
      "112": {
        "start": {
          "line": 210,
          "column": 15
        },
        "end": {
          "line": 210,
          "column": 19
        }
      },
      "113": {
        "start": {
          "line": 211,
          "column": 16
        },
        "end": {
          "line": 225,
          "column": 15
        }
      },
      "114": {
        "start": {
          "line": 212,
          "column": 6
        },
        "end": {
          "line": 212,
          "column": 23
        }
      },
      "115": {
        "start": {
          "line": 214,
          "column": 6
        },
        "end": {
          "line": 222,
          "column": 7
        }
      },
      "116": {
        "start": {
          "line": 215,
          "column": 8
        },
        "end": {
          "line": 217,
          "column": 35
        }
      },
      "117": {
        "start": {
          "line": 216,
          "column": 10
        },
        "end": {
          "line": 216,
          "column": 51
        }
      },
      "118": {
        "start": {
          "line": 219,
          "column": 8
        },
        "end": {
          "line": 221,
          "column": 9
        }
      },
      "119": {
        "start": {
          "line": 220,
          "column": 12
        },
        "end": {
          "line": 220,
          "column": 34
        }
      },
      "120": {
        "start": {
          "line": 224,
          "column": 6
        },
        "end": {
          "line": 224,
          "column": 31
        }
      },
      "121": {
        "start": {
          "line": 227,
          "column": 4
        },
        "end": {
          "line": 229,
          "column": 5
        }
      },
      "122": {
        "start": {
          "line": 228,
          "column": 8
        },
        "end": {
          "line": 228,
          "column": 22
        }
      },
      "123": {
        "start": {
          "line": 231,
          "column": 4
        },
        "end": {
          "line": 231,
          "column": 16
        }
      },
      "124": {
        "start": {
          "line": 234,
          "column": 2
        },
        "end": {
          "line": 256,
          "column": 4
        }
      },
      "125": {
        "start": {
          "line": 235,
          "column": 4
        },
        "end": {
          "line": 235,
          "column": 18
        }
      },
      "126": {
        "start": {
          "line": 237,
          "column": 4
        },
        "end": {
          "line": 244,
          "column": 5
        }
      },
      "127": {
        "start": {
          "line": 238,
          "column": 6
        },
        "end": {
          "line": 240,
          "column": 7
        }
      },
      "128": {
        "start": {
          "line": 239,
          "column": 8
        },
        "end": {
          "line": 239,
          "column": 52
        }
      },
      "129": {
        "start": {
          "line": 241,
          "column": 6
        },
        "end": {
          "line": 243,
          "column": 7
        }
      },
      "130": {
        "start": {
          "line": 242,
          "column": 8
        },
        "end": {
          "line": 242,
          "column": 49
        }
      },
      "131": {
        "start": {
          "line": 246,
          "column": 15
        },
        "end": {
          "line": 246,
          "column": 19
        }
      },
      "132": {
        "start": {
          "line": 247,
          "column": 4
        },
        "end": {
          "line": 251,
          "column": 5
        }
      },
      "133": {
        "start": {
          "line": 248,
          "column": 6
        },
        "end": {
          "line": 250,
          "column": 33
        }
      },
      "134": {
        "start": {
          "line": 249,
          "column": 8
        },
        "end": {
          "line": 249,
          "column": 35
        }
      },
      "135": {
        "start": {
          "line": 253,
          "column": 4
        },
        "end": {
          "line": 253,
          "column": 48
        }
      },
      "136": {
        "start": {
          "line": 255,
          "column": 4
        },
        "end": {
          "line": 255,
          "column": 29
        }
      },
      "137": {
        "start": {
          "line": 258,
          "column": 2
        },
        "end": {
          "line": 261,
          "column": 4
        }
      },
      "138": {
        "start": {
          "line": 259,
          "column": 4
        },
        "end": {
          "line": 259,
          "column": 60
        }
      },
      "139": {
        "start": {
          "line": 260,
          "column": 4
        },
        "end": {
          "line": 260,
          "column": 21
        }
      },
      "140": {
        "start": {
          "line": 263,
          "column": 2
        },
        "end": {
          "line": 266,
          "column": 4
        }
      },
      "141": {
        "start": {
          "line": 264,
          "column": 4
        },
        "end": {
          "line": 264,
          "column": 62
        }
      },
      "142": {
        "start": {
          "line": 265,
          "column": 4
        },
        "end": {
          "line": 265,
          "column": 21
        }
      },
      "143": {
        "start": {
          "line": 268,
          "column": 2
        },
        "end": {
          "line": 268,
          "column": 64
        }
      },
      "144": {
        "start": {
          "line": 270,
          "column": 2
        },
        "end": {
          "line": 272,
          "column": 4
        }
      },
      "145": {
        "start": {
          "line": 271,
          "column": 4
        },
        "end": {
          "line": 271,
          "column": 24
        }
      },
      "146": {
        "start": {
          "line": 274,
          "column": 2
        },
        "end": {
          "line": 276,
          "column": 4
        }
      },
      "147": {
        "start": {
          "line": 275,
          "column": 4
        },
        "end": {
          "line": 275,
          "column": 26
        }
      },
      "148": {
        "start": {
          "line": 278,
          "column": 2
        },
        "end": {
          "line": 301,
          "column": 4
        }
      },
      "149": {
        "start": {
          "line": 279,
          "column": 4
        },
        "end": {
          "line": 281,
          "column": 5
        }
      },
      "150": {
        "start": {
          "line": 280,
          "column": 6
        },
        "end": {
          "line": 280,
          "column": 18
        }
      },
      "151": {
        "start": {
          "line": 283,
          "column": 17
        },
        "end": {
          "line": 283,
          "column": 19
        }
      },
      "152": {
        "start": {
          "line": 284,
          "column": 20
        },
        "end": {
          "line": 284,
          "column": 24
        }
      },
      "153": {
        "start": {
          "line": 285,
          "column": 25
        },
        "end": {
          "line": 285,
          "column": 26
        }
      },
      "154": {
        "start": {
          "line": 287,
          "column": 4
        },
        "end": {
          "line": 298,
          "column": 5
        }
      },
      "155": {
        "start": {
          "line": 287,
          "column": 17
        },
        "end": {
          "line": 287,
          "column": 18
        }
      },
      "156": {
        "start": {
          "line": 288,
          "column": 18
        },
        "end": {
          "line": 288,
          "column": 33
        }
      },
      "157": {
        "start": {
          "line": 289,
          "column": 20
        },
        "end": {
          "line": 289,
          "column": 33
        }
      },
      "158": {
        "start": {
          "line": 290,
          "column": 18
        },
        "end": {
          "line": 290,
          "column": 44
        }
      },
      "159": {
        "start": {
          "line": 292,
          "column": 6
        },
        "end": {
          "line": 292,
          "column": 30
        }
      },
      "160": {
        "start": {
          "line": 294,
          "column": 6
        },
        "end": {
          "line": 297,
          "column": 7
        }
      },
      "161": {
        "start": {
          "line": 295,
          "column": 8
        },
        "end": {
          "line": 295,
          "column": 26
        }
      },
      "162": {
        "start": {
          "line": 296,
          "column": 8
        },
        "end": {
          "line": 296,
          "column": 31
        }
      },
      "163": {
        "start": {
          "line": 300,
          "column": 4
        },
        "end": {
          "line": 300,
          "column": 21
        }
      },
      "164": {
        "start": {
          "line": 303,
          "column": 16
        },
        "end": {
          "line": 402,
          "column": 4
        }
      },
      "165": {
        "start": {
          "line": 304,
          "column": 2
        },
        "end": {
          "line": 311,
          "column": 4
        }
      },
      "166": {
        "start": {
          "line": 305,
          "column": 19
        },
        "end": {
          "line": 305,
          "column": 44
        }
      },
      "167": {
        "start": {
          "line": 306,
          "column": 4
        },
        "end": {
          "line": 310,
          "column": 7
        }
      },
      "168": {
        "start": {
          "line": 313,
          "column": 2
        },
        "end": {
          "line": 348,
          "column": 4
        }
      },
      "169": {
        "start": {
          "line": 314,
          "column": 4
        },
        "end": {
          "line": 316,
          "column": 5
        }
      },
      "170": {
        "start": {
          "line": 315,
          "column": 6
        },
        "end": {
          "line": 315,
          "column": 32
        }
      },
      "171": {
        "start": {
          "line": 318,
          "column": 15
        },
        "end": {
          "line": 324,
          "column": 5
        }
      },
      "172": {
        "start": {
          "line": 325,
          "column": 4
        },
        "end": {
          "line": 327,
          "column": 5
        }
      },
      "173": {
        "start": {
          "line": 326,
          "column": 6
        },
        "end": {
          "line": 326,
          "column": 31
        }
      },
      "174": {
        "start": {
          "line": 329,
          "column": 4
        },
        "end": {
          "line": 331,
          "column": 5
        }
      },
      "175": {
        "start": {
          "line": 330,
          "column": 6
        },
        "end": {
          "line": 330,
          "column": 63
        }
      },
      "176": {
        "start": {
          "line": 333,
          "column": 19
        },
        "end": {
          "line": 333,
          "column": 21
        }
      },
      "177": {
        "start": {
          "line": 334,
          "column": 4
        },
        "end": {
          "line": 336,
          "column": 5
        }
      },
      "178": {
        "start": {
          "line": 334,
          "column": 17
        },
        "end": {
          "line": 334,
          "column": 18
        }
      },
      "179": {
        "start": {
          "line": 335,
          "column": 6
        },
        "end": {
          "line": 335,
          "column": 49
        }
      },
      "180": {
        "start": {
          "line": 338,
          "column": 4
        },
        "end": {
          "line": 340,
          "column": 5
        }
      },
      "181": {
        "start": {
          "line": 339,
          "column": 6
        },
        "end": {
          "line": 339,
          "column": 49
        }
      },
      "182": {
        "start": {
          "line": 343,
          "column": 4
        },
        "end": {
          "line": 345,
          "column": 7
        }
      },
      "183": {
        "start": {
          "line": 344,
          "column": 6
        },
        "end": {
          "line": 344,
          "column": 19
        }
      },
      "184": {
        "start": {
          "line": 347,
          "column": 4
        },
        "end": {
          "line": 347,
          "column": 20
        }
      },
      "185": {
        "start": {
          "line": 350,
          "column": 2
        },
        "end": {
          "line": 359,
          "column": 4
        }
      },
      "186": {
        "start": {
          "line": 351,
          "column": 17
        },
        "end": {
          "line": 353,
          "column": 9
        }
      },
      "187": {
        "start": {
          "line": 355,
          "column": 18
        },
        "end": {
          "line": 355,
          "column": 87
        }
      },
      "188": {
        "start": {
          "line": 356,
          "column": 4
        },
        "end": {
          "line": 356,
          "column": 49
        }
      },
      "189": {
        "start": {
          "line": 358,
          "column": 4
        },
        "end": {
          "line": 358,
          "column": 19
        }
      },
      "190": {
        "start": {
          "line": 361,
          "column": 2
        },
        "end": {
          "line": 401,
          "column": 4
        }
      },
      "191": {
        "start": {
          "line": 362,
          "column": 4
        },
        "end": {
          "line": 365,
          "column": 5
        }
      },
      "192": {
        "start": {
          "line": 363,
          "column": 6
        },
        "end": {
          "line": 363,
          "column": 24
        }
      },
      "193": {
        "start": {
          "line": 364,
          "column": 6
        },
        "end": {
          "line": 364,
          "column": 21
        }
      },
      "194": {
        "start": {
          "line": 367,
          "column": 4
        },
        "end": {
          "line": 374,
          "column": 5
        }
      },
      "195": {
        "start": {
          "line": 368,
          "column": 6
        },
        "end": {
          "line": 368,
          "column": 19
        }
      },
      "196": {
        "start": {
          "line": 369,
          "column": 6
        },
        "end": {
          "line": 373,
          "column": 7
        }
      },
      "197": {
        "start": {
          "line": 370,
          "column": 8
        },
        "end": {
          "line": 372,
          "column": 9
        }
      },
      "198": {
        "start": {
          "line": 371,
          "column": 10
        },
        "end": {
          "line": 371,
          "column": 28
        }
      },
      "199": {
        "start": {
          "line": 376,
          "column": 4
        },
        "end": {
          "line": 400,
          "column": 5
        }
      },
      "200": {
        "start": {
          "line": 376,
          "column": 17
        },
        "end": {
          "line": 376,
          "column": 18
        }
      },
      "201": {
        "start": {
          "line": 377,
          "column": 21
        },
        "end": {
          "line": 377,
          "column": 31
        }
      },
      "202": {
        "start": {
          "line": 378,
          "column": 21
        },
        "end": {
          "line": 378,
          "column": 32
        }
      },
      "203": {
        "start": {
          "line": 380,
          "column": 6
        },
        "end": {
          "line": 398,
          "column": 28
        }
      },
      "204": {
        "start": {
          "line": 381,
          "column": 23
        },
        "end": {
          "line": 381,
          "column": 49
        }
      },
      "205": {
        "start": {
          "line": 382,
          "column": 23
        },
        "end": {
          "line": 382,
          "column": 63
        }
      },
      "206": {
        "start": {
          "line": 383,
          "column": 23
        },
        "end": {
          "line": 383,
          "column": 33
        }
      },
      "207": {
        "start": {
          "line": 385,
          "column": 8
        },
        "end": {
          "line": 393,
          "column": 11
        }
      },
      "208": {
        "start": {
          "line": 386,
          "column": 10
        },
        "end": {
          "line": 388,
          "column": 11
        }
      },
      "209": {
        "start": {
          "line": 387,
          "column": 12
        },
        "end": {
          "line": 387,
          "column": 19
        }
      },
      "210": {
        "start": {
          "line": 389,
          "column": 10
        },
        "end": {
          "line": 391,
          "column": 11
        }
      },
      "211": {
        "start": {
          "line": 390,
          "column": 12
        },
        "end": {
          "line": 390,
          "column": 42
        }
      },
      "212": {
        "start": {
          "line": 392,
          "column": 10
        },
        "end": {
          "line": 392,
          "column": 42
        }
      },
      "213": {
        "start": {
          "line": 395,
          "column": 8
        },
        "end": {
          "line": 397,
          "column": 11
        }
      },
      "214": {
        "start": {
          "line": 396,
          "column": 10
        },
        "end": {
          "line": 396,
          "column": 36
        }
      },
      "215": {
        "start": {
          "line": 399,
          "column": 6
        },
        "end": {
          "line": 399,
          "column": 36
        }
      },
      "216": {
        "start": {
          "line": 404,
          "column": 14
        },
        "end": {
          "line": 404,
          "column": 21
        }
      },
      "217": {
        "start": {
          "line": 406,
          "column": 15
        },
        "end": {
          "line": 406,
          "column": 46
        }
      },
      "218": {
        "start": {
          "line": 409,
          "column": 6
        },
        "end": {
          "line": 409,
          "column": 80
        }
      },
      "219": {
        "start": {
          "line": 416,
          "column": 6
        },
        "end": {
          "line": 421,
          "column": 7
        }
      },
      "220": {
        "start": {
          "line": 418,
          "column": 10
        },
        "end": {
          "line": 418,
          "column": 25
        }
      },
      "221": {
        "start": {
          "line": 419,
          "column": 10
        },
        "end": {
          "line": 419,
          "column": 23
        }
      },
      "222": {
        "start": {
          "line": 420,
          "column": 10
        },
        "end": {
          "line": 420,
          "column": 20
        }
      },
      "223": {
        "start": {
          "line": 423,
          "column": 6
        },
        "end": {
          "line": 423,
          "column": 43
        }
      },
      "224": {
        "start": {
          "line": 425,
          "column": 6
        },
        "end": {
          "line": 449,
          "column": 9
        }
      },
      "225": {
        "start": {
          "line": 426,
          "column": 10
        },
        "end": {
          "line": 448,
          "column": 13
        }
      },
      "226": {
        "start": {
          "line": 427,
          "column": 14
        },
        "end": {
          "line": 447,
          "column": 17
        }
      },
      "227": {
        "start": {
          "line": 429,
          "column": 18
        },
        "end": {
          "line": 435,
          "column": 29
        }
      },
      "228": {
        "start": {
          "line": 430,
          "column": 22
        },
        "end": {
          "line": 432,
          "column": 23
        }
      },
      "229": {
        "start": {
          "line": 431,
          "column": 26
        },
        "end": {
          "line": 431,
          "column": 44
        }
      },
      "230": {
        "start": {
          "line": 434,
          "column": 22
        },
        "end": {
          "line": 434,
          "column": 94
        }
      },
      "231": {
        "start": {
          "line": 438,
          "column": 18
        },
        "end": {
          "line": 444,
          "column": 19
        }
      },
      "232": {
        "start": {
          "line": 439,
          "column": 22
        },
        "end": {
          "line": 439,
          "column": 40
        }
      },
      "233": {
        "start": {
          "line": 441,
          "column": 22
        },
        "end": {
          "line": 443,
          "column": 23
        }
      },
      "234": {
        "start": {
          "line": 442,
          "column": 26
        },
        "end": {
          "line": 442,
          "column": 33
        }
      },
      "235": {
        "start": {
          "line": 446,
          "column": 18
        },
        "end": {
          "line": 446,
          "column": 30
        }
      },
      "236": {
        "start": {
          "line": 452,
          "column": 23
        },
        "end": {
          "line": 452,
          "column": 35
        }
      },
      "237": {
        "start": {
          "line": 458,
          "column": 6
        },
        "end": {
          "line": 460,
          "column": 31
        }
      },
      "238": {
        "start": {
          "line": 463,
          "column": 16
        },
        "end": {
          "line": 463,
          "column": 31
        }
      },
      "239": {
        "start": {
          "line": 464,
          "column": 22
        },
        "end": {
          "line": 464,
          "column": 33
        }
      },
      "240": {
        "start": {
          "line": 465,
          "column": 17
        },
        "end": {
          "line": 465,
          "column": 32
        }
      },
      "241": {
        "start": {
          "line": 466,
          "column": 2
        },
        "end": {
          "line": 466,
          "column": 38
        }
      },
      "242": {
        "start": {
          "line": 467,
          "column": 2
        },
        "end": {
          "line": 467,
          "column": 29
        }
      },
      "243": {
        "start": {
          "line": 475,
          "column": 6
        },
        "end": {
          "line": 482,
          "column": 9
        }
      },
      "244": {
        "start": {
          "line": 476,
          "column": 34
        },
        "end": {
          "line": 476,
          "column": 54
        }
      },
      "245": {
        "start": {
          "line": 478,
          "column": 10
        },
        "end": {
          "line": 480,
          "column": 11
        }
      },
      "246": {
        "start": {
          "line": 479,
          "column": 14
        },
        "end": {
          "line": 479,
          "column": 43
        }
      },
      "247": {
        "start": {
          "line": 481,
          "column": 10
        },
        "end": {
          "line": 481,
          "column": 34
        }
      },
      "248": {
        "start": {
          "line": 485,
          "column": 24
        },
        "end": {
          "line": 517,
          "column": 3
        }
      },
      "249": {
        "start": {
          "line": 503,
          "column": 10
        },
        "end": {
          "line": 503,
          "column": 17
        }
      },
      "250": {
        "start": {
          "line": 505,
          "column": 6
        },
        "end": {
          "line": 513,
          "column": 7
        }
      },
      "251": {
        "start": {
          "line": 506,
          "column": 24
        },
        "end": {
          "line": 506,
          "column": 53
        }
      },
      "252": {
        "start": {
          "line": 507,
          "column": 8
        },
        "end": {
          "line": 507,
          "column": 196
        }
      },
      "253": {
        "start": {
          "line": 507,
          "column": 30
        },
        "end": {
          "line": 507,
          "column": 108
        }
      },
      "254": {
        "start": {
          "line": 507,
          "column": 113
        },
        "end": {
          "line": 507,
          "column": 196
        }
      },
      "255": {
        "start": {
          "line": 510,
          "column": 8
        },
        "end": {
          "line": 512,
          "column": 9
        }
      },
      "256": {
        "start": {
          "line": 511,
          "column": 10
        },
        "end": {
          "line": 511,
          "column": 22
        }
      },
      "257": {
        "start": {
          "line": 515,
          "column": 6
        },
        "end": {
          "line": 515,
          "column": 19
        }
      },
      "258": {
        "start": {
          "line": 520,
          "column": 21
        },
        "end": {
          "line": 535,
          "column": 3
        }
      },
      "259": {
        "start": {
          "line": 521,
          "column": 21
        },
        "end": {
          "line": 521,
          "column": 86
        }
      },
      "260": {
        "start": {
          "line": 523,
          "column": 4
        },
        "end": {
          "line": 532,
          "column": 5
        }
      },
      "261": {
        "start": {
          "line": 524,
          "column": 6
        },
        "end": {
          "line": 524,
          "column": 73
        }
      },
      "262": {
        "start": {
          "line": 525,
          "column": 6
        },
        "end": {
          "line": 525,
          "column": 53
        }
      },
      "263": {
        "start": {
          "line": 528,
          "column": 10
        },
        "end": {
          "line": 528,
          "column": 37
        }
      },
      "264": {
        "start": {
          "line": 529,
          "column": 6
        },
        "end": {
          "line": 531,
          "column": 8
        }
      },
      "265": {
        "start": {
          "line": 534,
          "column": 4
        },
        "end": {
          "line": 534,
          "column": 14
        }
      },
      "266": {
        "start": {
          "line": 537,
          "column": 17
        },
        "end": {
          "line": 537,
          "column": 51
        }
      },
      "267": {
        "start": {
          "line": 537,
          "column": 25
        },
        "end": {
          "line": 537,
          "column": 51
        }
      },
      "268": {
        "start": {
          "line": 539,
          "column": 19
        },
        "end": {
          "line": 539,
          "column": 54
        }
      },
      "269": {
        "start": {
          "line": 539,
          "column": 25
        },
        "end": {
          "line": 539,
          "column": 54
        }
      },
      "270": {
        "start": {
          "line": 541,
          "column": 20
        },
        "end": {
          "line": 541,
          "column": 73
        }
      },
      "271": {
        "start": {
          "line": 542,
          "column": 28
        },
        "end": {
          "line": 595,
          "column": 3
        }
      },
      "272": {
        "start": {
          "line": 546,
          "column": 28
        },
        "end": {
          "line": 592,
          "column": 5
        }
      },
      "273": {
        "start": {
          "line": 547,
          "column": 28
        },
        "end": {
          "line": 590,
          "column": 45
        }
      },
      "274": {
        "start": {
          "line": 552,
          "column": 12
        },
        "end": {
          "line": 552,
          "column": 16
        }
      },
      "275": {
        "start": {
          "line": 553,
          "column": 24
        },
        "end": {
          "line": 553,
          "column": 87
        }
      },
      "276": {
        "start": {
          "line": 555,
          "column": 26
        },
        "end": {
          "line": 555,
          "column": 74
        }
      },
      "277": {
        "start": {
          "line": 557,
          "column": 27
        },
        "end": {
          "line": 557,
          "column": 40
        }
      },
      "278": {
        "start": {
          "line": 558,
          "column": 8
        },
        "end": {
          "line": 560,
          "column": 22
        }
      },
      "279": {
        "start": {
          "line": 559,
          "column": 10
        },
        "end": {
          "line": 559,
          "column": 29
        }
      },
      "280": {
        "start": {
          "line": 562,
          "column": 34
        },
        "end": {
          "line": 565,
          "column": 12
        }
      },
      "281": {
        "start": {
          "line": 567,
          "column": 8
        },
        "end": {
          "line": 576,
          "column": 9
        }
      },
      "282": {
        "start": {
          "line": 568,
          "column": 10
        },
        "end": {
          "line": 573,
          "column": 11
        }
      },
      "283": {
        "start": {
          "line": 572,
          "column": 12
        },
        "end": {
          "line": 572,
          "column": 25
        }
      },
      "284": {
        "start": {
          "line": 575,
          "column": 10
        },
        "end": {
          "line": 575,
          "column": 22
        }
      },
      "285": {
        "start": {
          "line": 578,
          "column": 8
        },
        "end": {
          "line": 587,
          "column": 9
        }
      },
      "286": {
        "start": {
          "line": 579,
          "column": 10
        },
        "end": {
          "line": 584,
          "column": 11
        }
      },
      "287": {
        "start": {
          "line": 583,
          "column": 12
        },
        "end": {
          "line": 583,
          "column": 28
        }
      },
      "288": {
        "start": {
          "line": 586,
          "column": 10
        },
        "end": {
          "line": 586,
          "column": 26
        }
      },
      "289": {
        "start": {
          "line": 589,
          "column": 8
        },
        "end": {
          "line": 589,
          "column": 24
        }
      },
      "290": {
        "start": {
          "line": 591,
          "column": 6
        },
        "end": {
          "line": 591,
          "column": 27
        }
      },
      "291": {
        "start": {
          "line": 594,
          "column": 4
        },
        "end": {
          "line": 594,
          "column": 27
        }
      },
      "292": {
        "start": {
          "line": 596,
          "column": 24
        },
        "end": {
          "line": 596,
          "column": 56
        }
      },
      "293": {
        "start": {
          "line": 598,
          "column": 2
        },
        "end": {
          "line": 598,
          "column": 36
        }
      },
      "294": {
        "start": {
          "line": 599,
          "column": 2
        },
        "end": {
          "line": 599,
          "column": 48
        }
      },
      "295": {
        "start": {
          "line": 601,
          "column": 2
        },
        "end": {
          "line": 601,
          "column": 64
        }
      },
      "296": {
        "start": {
          "line": 603,
          "column": 2
        },
        "end": {
          "line": 603,
          "column": 17
        }
      }
    },
    "fnMap": {
      "0": {
        "name": "(anonymous_0)",
        "decl": {
          "start": {
            "line": 1,
            "column": 14
          },
          "end": {
            "line": 1,
            "column": 15
          }
        },
        "loc": {
          "start": {
            "line": 1,
            "column": 40
          },
          "end": {
            "line": 605,
            "column": 1
          }
        },
        "line": 1
      },
      "1": {
        "name": "_interopDefaultLegacy",
        "decl": {
          "start": {
            "line": 4,
            "column": 11
          },
          "end": {
            "line": 4,
            "column": 32
          }
        },
        "loc": {
          "start": {
            "line": 4,
            "column": 37
          },
          "end": {
            "line": 4,
            "column": 116
          }
        },
        "line": 4
      },
      "2": {
        "name": "_defineProperty",
        "decl": {
          "start": {
            "line": 8,
            "column": 11
          },
          "end": {
            "line": 8,
            "column": 26
          }
        },
        "loc": {
          "start": {
            "line": 8,
            "column": 44
          },
          "end": {
            "line": 21,
            "column": 3
          }
        },
        "line": 8
      },
      "3": {
        "name": "ownKeys",
        "decl": {
          "start": {
            "line": 23,
            "column": 11
          },
          "end": {
            "line": 23,
            "column": 18
          }
        },
        "loc": {
          "start": {
            "line": 23,
            "column": 43
          },
          "end": {
            "line": 35,
            "column": 3
          }
        },
        "line": 23
      },
      "4": {
        "name": "(anonymous_4)",
        "decl": {
          "start": {
            "line": 28,
            "column": 51
          },
          "end": {
            "line": 28,
            "column": 52
          }
        },
        "loc": {
          "start": {
            "line": 28,
            "column": 66
          },
          "end": {
            "line": 30,
            "column": 7
          }
        },
        "line": 28
      },
      "5": {
        "name": "_objectSpread2",
        "decl": {
          "start": {
            "line": 37,
            "column": 11
          },
          "end": {
            "line": 37,
            "column": 25
          }
        },
        "loc": {
          "start": {
            "line": 37,
            "column": 34
          },
          "end": {
            "line": 55,
            "column": 3
          }
        },
        "line": 37
      },
      "6": {
        "name": "(anonymous_6)",
        "decl": {
          "start": {
            "line": 42,
            "column": 46
          },
          "end": {
            "line": 42,
            "column": 47
          }
        },
        "loc": {
          "start": {
            "line": 42,
            "column": 61
          },
          "end": {
            "line": 44,
            "column": 9
          }
        },
        "line": 42
      },
      "7": {
        "name": "(anonymous_7)",
        "decl": {
          "start": {
            "line": 48,
            "column": 40
          },
          "end": {
            "line": 48,
            "column": 41
          }
        },
        "loc": {
          "start": {
            "line": 48,
            "column": 55
          },
          "end": {
            "line": 50,
            "column": 9
          }
        },
        "line": 48
      },
      "8": {
        "name": "_objectWithoutPropertiesLoose",
        "decl": {
          "start": {
            "line": 57,
            "column": 11
          },
          "end": {
            "line": 57,
            "column": 40
          }
        },
        "loc": {
          "start": {
            "line": 57,
            "column": 59
          },
          "end": {
            "line": 70,
            "column": 3
          }
        },
        "line": 57
      },
      "9": {
        "name": "_objectWithoutProperties",
        "decl": {
          "start": {
            "line": 72,
            "column": 11
          },
          "end": {
            "line": 72,
            "column": 35
          }
        },
        "loc": {
          "start": {
            "line": 72,
            "column": 54
          },
          "end": {
            "line": 91,
            "column": 3
          }
        },
        "line": 72
      },
      "10": {
        "name": "assign",
        "decl": {
          "start": {
            "line": 93,
            "column": 11
          },
          "end": {
            "line": 93,
            "column": 17
          }
        },
        "loc": {
          "start": {
            "line": 93,
            "column": 30
          },
          "end": {
            "line": 103,
            "column": 3
          }
        },
        "line": 93
      },
      "11": {
        "name": "createError",
        "decl": {
          "start": {
            "line": 105,
            "column": 11
          },
          "end": {
            "line": 105,
            "column": 22
          }
        },
        "loc": {
          "start": {
            "line": 105,
            "column": 41
          },
          "end": {
            "line": 135,
            "column": 3
          }
        },
        "line": 105
      },
      "12": {
        "name": "(anonymous_12)",
        "decl": {
          "start": {
            "line": 129,
            "column": 27
          },
          "end": {
            "line": 129,
            "column": 28
          }
        },
        "loc": {
          "start": {
            "line": 129,
            "column": 39
          },
          "end": {
            "line": 129,
            "column": 41
          }
        },
        "line": 129
      },
      "13": {
        "name": "createCommonjsModule",
        "decl": {
          "start": {
            "line": 139,
            "column": 11
          },
          "end": {
            "line": 139,
            "column": 31
          }
        },
        "loc": {
          "start": {
            "line": 139,
            "column": 36
          },
          "end": {
            "line": 142,
            "column": 3
          }
        },
        "line": 139
      },
      "14": {
        "name": "RetryOperation",
        "decl": {
          "start": {
            "line": 144,
            "column": 11
          },
          "end": {
            "line": 144,
            "column": 25
          }
        },
        "loc": {
          "start": {
            "line": 144,
            "column": 45
          },
          "end": {
            "line": 165,
            "column": 3
          }
        },
        "line": 144
      },
      "15": {
        "name": "(anonymous_15)",
        "decl": {
          "start": {
            "line": 168,
            "column": 35
          },
          "end": {
            "line": 168,
            "column": 36
          }
        },
        "loc": {
          "start": {
            "line": 168,
            "column": 46
          },
          "end": {
            "line": 171,
            "column": 3
          }
        },
        "line": 168
      },
      "16": {
        "name": "(anonymous_16)",
        "decl": {
          "start": {
            "line": 173,
            "column": 34
          },
          "end": {
            "line": 173,
            "column": 35
          }
        },
        "loc": {
          "start": {
            "line": 173,
            "column": 45
          },
          "end": {
            "line": 180,
            "column": 3
          }
        },
        "line": 173
      },
      "17": {
        "name": "(anonymous_17)",
        "decl": {
          "start": {
            "line": 182,
            "column": 35
          },
          "end": {
            "line": 182,
            "column": 36
          }
        },
        "loc": {
          "start": {
            "line": 182,
            "column": 49
          },
          "end": {
            "line": 232,
            "column": 3
          }
        },
        "line": 182
      },
      "18": {
        "name": "(anonymous_18)",
        "decl": {
          "start": {
            "line": 211,
            "column": 27
          },
          "end": {
            "line": 211,
            "column": 28
          }
        },
        "loc": {
          "start": {
            "line": 211,
            "column": 38
          },
          "end": {
            "line": 225,
            "column": 5
          }
        },
        "line": 211
      },
      "19": {
        "name": "(anonymous_19)",
        "decl": {
          "start": {
            "line": 215,
            "column": 35
          },
          "end": {
            "line": 215,
            "column": 36
          }
        },
        "loc": {
          "start": {
            "line": 215,
            "column": 46
          },
          "end": {
            "line": 217,
            "column": 9
          }
        },
        "line": 215
      },
      "20": {
        "name": "(anonymous_20)",
        "decl": {
          "start": {
            "line": 234,
            "column": 37
          },
          "end": {
            "line": 234,
            "column": 38
          }
        },
        "loc": {
          "start": {
            "line": 234,
            "column": 62
          },
          "end": {
            "line": 256,
            "column": 3
          }
        },
        "line": 234
      },
      "21": {
        "name": "(anonymous_21)",
        "decl": {
          "start": {
            "line": 248,
            "column": 33
          },
          "end": {
            "line": 248,
            "column": 34
          }
        },
        "loc": {
          "start": {
            "line": 248,
            "column": 44
          },
          "end": {
            "line": 250,
            "column": 7
          }
        },
        "line": 248
      },
      "22": {
        "name": "(anonymous_22)",
        "decl": {
          "start": {
            "line": 258,
            "column": 33
          },
          "end": {
            "line": 258,
            "column": 34
          }
        },
        "loc": {
          "start": {
            "line": 258,
            "column": 46
          },
          "end": {
            "line": 261,
            "column": 3
          }
        },
        "line": 258
      },
      "23": {
        "name": "(anonymous_23)",
        "decl": {
          "start": {
            "line": 263,
            "column": 35
          },
          "end": {
            "line": 263,
            "column": 36
          }
        },
        "loc": {
          "start": {
            "line": 263,
            "column": 48
          },
          "end": {
            "line": 266,
            "column": 3
          }
        },
        "line": 263
      },
      "24": {
        "name": "(anonymous_24)",
        "decl": {
          "start": {
            "line": 270,
            "column": 36
          },
          "end": {
            "line": 270,
            "column": 37
          }
        },
        "loc": {
          "start": {
            "line": 270,
            "column": 47
          },
          "end": {
            "line": 272,
            "column": 3
          }
        },
        "line": 270
      },
      "25": {
        "name": "(anonymous_25)",
        "decl": {
          "start": {
            "line": 274,
            "column": 38
          },
          "end": {
            "line": 274,
            "column": 39
          }
        },
        "loc": {
          "start": {
            "line": 274,
            "column": 49
          },
          "end": {
            "line": 276,
            "column": 3
          }
        },
        "line": 274
      },
      "26": {
        "name": "(anonymous_26)",
        "decl": {
          "start": {
            "line": 278,
            "column": 39
          },
          "end": {
            "line": 278,
            "column": 40
          }
        },
        "loc": {
          "start": {
            "line": 278,
            "column": 50
          },
          "end": {
            "line": 301,
            "column": 3
          }
        },
        "line": 278
      },
      "27": {
        "name": "(anonymous_27)",
        "decl": {
          "start": {
            "line": 303,
            "column": 37
          },
          "end": {
            "line": 303,
            "column": 38
          }
        },
        "loc": {
          "start": {
            "line": 303,
            "column": 64
          },
          "end": {
            "line": 402,
            "column": 3
          }
        },
        "line": 303
      },
      "28": {
        "name": "(anonymous_28)",
        "decl": {
          "start": {
            "line": 304,
            "column": 22
          },
          "end": {
            "line": 304,
            "column": 23
          }
        },
        "loc": {
          "start": {
            "line": 304,
            "column": 40
          },
          "end": {
            "line": 311,
            "column": 3
          }
        },
        "line": 304
      },
      "29": {
        "name": "(anonymous_29)",
        "decl": {
          "start": {
            "line": 313,
            "column": 21
          },
          "end": {
            "line": 313,
            "column": 22
          }
        },
        "loc": {
          "start": {
            "line": 313,
            "column": 39
          },
          "end": {
            "line": 348,
            "column": 3
          }
        },
        "line": 313
      },
      "30": {
        "name": "(anonymous_30)",
        "decl": {
          "start": {
            "line": 343,
            "column": 18
          },
          "end": {
            "line": 343,
            "column": 19
          }
        },
        "loc": {
          "start": {
            "line": 343,
            "column": 32
          },
          "end": {
            "line": 345,
            "column": 5
          }
        },
        "line": 343
      },
      "31": {
        "name": "(anonymous_31)",
        "decl": {
          "start": {
            "line": 350,
            "column": 26
          },
          "end": {
            "line": 350,
            "column": 27
          }
        },
        "loc": {
          "start": {
            "line": 350,
            "column": 50
          },
          "end": {
            "line": 359,
            "column": 3
          }
        },
        "line": 350
      },
      "32": {
        "name": "(anonymous_32)",
        "decl": {
          "start": {
            "line": 361,
            "column": 17
          },
          "end": {
            "line": 361,
            "column": 18
          }
        },
        "loc": {
          "start": {
            "line": 361,
            "column": 49
          },
          "end": {
            "line": 401,
            "column": 3
          }
        },
        "line": 361
      },
      "33": {
        "name": "retryWrapper",
        "decl": {
          "start": {
            "line": 380,
            "column": 29
          },
          "end": {
            "line": 380,
            "column": 41
          }
        },
        "loc": {
          "start": {
            "line": 380,
            "column": 52
          },
          "end": {
            "line": 398,
            "column": 7
          }
        },
        "line": 380
      },
      "34": {
        "name": "(anonymous_34)",
        "decl": {
          "start": {
            "line": 385,
            "column": 18
          },
          "end": {
            "line": 385,
            "column": 19
          }
        },
        "loc": {
          "start": {
            "line": 385,
            "column": 32
          },
          "end": {
            "line": 393,
            "column": 9
          }
        },
        "line": 385
      },
      "35": {
        "name": "(anonymous_35)",
        "decl": {
          "start": {
            "line": 395,
            "column": 19
          },
          "end": {
            "line": 395,
            "column": 20
          }
        },
        "loc": {
          "start": {
            "line": 395,
            "column": 30
          },
          "end": {
            "line": 397,
            "column": 9
          }
        },
        "line": 395
      },
      "36": {
        "name": "isRetryError",
        "decl": {
          "start": {
            "line": 408,
            "column": 11
          },
          "end": {
            "line": 408,
            "column": 23
          }
        },
        "loc": {
          "start": {
            "line": 408,
            "column": 29
          },
          "end": {
            "line": 410,
            "column": 3
          }
        },
        "line": 408
      },
      "37": {
        "name": "promiseRetry",
        "decl": {
          "start": {
            "line": 412,
            "column": 11
          },
          "end": {
            "line": 412,
            "column": 23
          }
        },
        "loc": {
          "start": {
            "line": 412,
            "column": 37
          },
          "end": {
            "line": 450,
            "column": 3
          }
        },
        "line": 412
      },
      "38": {
        "name": "(anonymous_38)",
        "decl": {
          "start": {
            "line": 425,
            "column": 25
          },
          "end": {
            "line": 425,
            "column": 26
          }
        },
        "loc": {
          "start": {
            "line": 425,
            "column": 52
          },
          "end": {
            "line": 449,
            "column": 7
          }
        },
        "line": 425
      },
      "39": {
        "name": "(anonymous_39)",
        "decl": {
          "start": {
            "line": 426,
            "column": 28
          },
          "end": {
            "line": 426,
            "column": 29
          }
        },
        "loc": {
          "start": {
            "line": 426,
            "column": 46
          },
          "end": {
            "line": 448,
            "column": 11
          }
        },
        "line": 426
      },
      "40": {
        "name": "(anonymous_40)",
        "decl": {
          "start": {
            "line": 428,
            "column": 20
          },
          "end": {
            "line": 428,
            "column": 21
          }
        },
        "loc": {
          "start": {
            "line": 428,
            "column": 32
          },
          "end": {
            "line": 436,
            "column": 15
          }
        },
        "line": 428
      },
      "41": {
        "name": "(anonymous_41)",
        "decl": {
          "start": {
            "line": 429,
            "column": 28
          },
          "end": {
            "line": 429,
            "column": 29
          }
        },
        "loc": {
          "start": {
            "line": 429,
            "column": 43
          },
          "end": {
            "line": 435,
            "column": 19
          }
        },
        "line": 429
      },
      "42": {
        "name": "(anonymous_42)",
        "decl": {
          "start": {
            "line": 437,
            "column": 29
          },
          "end": {
            "line": 437,
            "column": 30
          }
        },
        "loc": {
          "start": {
            "line": 437,
            "column": 44
          },
          "end": {
            "line": 447,
            "column": 15
          }
        },
        "line": 437
      },
      "43": {
        "name": "to",
        "decl": {
          "start": {
            "line": 474,
            "column": 11
          },
          "end": {
            "line": 474,
            "column": 13
          }
        },
        "loc": {
          "start": {
            "line": 474,
            "column": 33
          },
          "end": {
            "line": 483,
            "column": 3
          }
        },
        "line": 474
      },
      "44": {
        "name": "(anonymous_44)",
        "decl": {
          "start": {
            "line": 476,
            "column": 16
          },
          "end": {
            "line": 476,
            "column": 17
          }
        },
        "loc": {
          "start": {
            "line": 476,
            "column": 32
          },
          "end": {
            "line": 476,
            "column": 56
          }
        },
        "line": 476
      },
      "45": {
        "name": "(anonymous_45)",
        "decl": {
          "start": {
            "line": 477,
            "column": 17
          },
          "end": {
            "line": 477,
            "column": 18
          }
        },
        "loc": {
          "start": {
            "line": 477,
            "column": 32
          },
          "end": {
            "line": 482,
            "column": 7
          }
        },
        "line": 477
      },
      "46": {
        "name": "(anonymous_46)",
        "decl": {
          "start": {
            "line": 496,
            "column": 13
          },
          "end": {
            "line": 496,
            "column": 14
          }
        },
        "loc": {
          "start": {
            "line": 499,
            "column": 10
          },
          "end": {
            "line": 516,
            "column": 5
          }
        },
        "line": 499
      },
      "47": {
        "name": "(anonymous_47)",
        "decl": {
          "start": {
            "line": 520,
            "column": 21
          },
          "end": {
            "line": 520,
            "column": 22
          }
        },
        "loc": {
          "start": {
            "line": 520,
            "column": 33
          },
          "end": {
            "line": 535,
            "column": 3
          }
        },
        "line": 520
      },
      "48": {
        "name": "(anonymous_48)",
        "decl": {
          "start": {
            "line": 537,
            "column": 17
          },
          "end": {
            "line": 537,
            "column": 18
          }
        },
        "loc": {
          "start": {
            "line": 537,
            "column": 25
          },
          "end": {
            "line": 537,
            "column": 51
          }
        },
        "line": 537
      },
      "49": {
        "name": "(anonymous_49)",
        "decl": {
          "start": {
            "line": 539,
            "column": 19
          },
          "end": {
            "line": 539,
            "column": 20
          }
        },
        "loc": {
          "start": {
            "line": 539,
            "column": 25
          },
          "end": {
            "line": 539,
            "column": 54
          }
        },
        "line": 539
      },
      "50": {
        "name": "(anonymous_50)",
        "decl": {
          "start": {
            "line": 542,
            "column": 28
          },
          "end": {
            "line": 542,
            "column": 29
          }
        },
        "loc": {
          "start": {
            "line": 542,
            "column": 65
          },
          "end": {
            "line": 595,
            "column": 3
          }
        },
        "line": 542
      },
      "51": {
        "name": "(anonymous_51)",
        "decl": {
          "start": {
            "line": 546,
            "column": 28
          },
          "end": {
            "line": 546,
            "column": 29
          }
        },
        "loc": {
          "start": {
            "line": 546,
            "column": 54
          },
          "end": {
            "line": 592,
            "column": 5
          }
        },
        "line": 546
      },
      "52": {
        "name": "(anonymous_52)",
        "decl": {
          "start": {
            "line": 547,
            "column": 49
          },
          "end": {
            "line": 547,
            "column": 50
          }
        },
        "loc": {
          "start": {
            "line": 547,
            "column": 75
          },
          "end": {
            "line": 590,
            "column": 7
          }
        },
        "line": 547
      },
      "53": {
        "name": "(anonymous_53)",
        "decl": {
          "start": {
            "line": 558,
            "column": 19
          },
          "end": {
            "line": 558,
            "column": 20
          }
        },
        "loc": {
          "start": {
            "line": 558,
            "column": 25
          },
          "end": {
            "line": 560,
            "column": 9
          }
        },
        "line": 558
      }
    },
    "branchMap": {
      "0": {
        "loc": {
          "start": {
            "line": 4,
            "column": 46
          },
          "end": {
            "line": 4,
            "column": 113
          }
        },
        "type": "cond-expr",
        "locations": [
          {
            "start": {
              "line": 4,
              "column": 93
            },
            "end": {
              "line": 4,
              "column": 94
            }
          },
          {
            "start": {
              "line": 4,
              "column": 97
            },
            "end": {
              "line": 4,
              "column": 113
            }
          }
        ],
        "line": 4
      },
      "1": {
        "loc": {
          "start": {
            "line": 4,
            "column": 46
          },
          "end": {
            "line": 4,
            "column": 90
          }
        },
        "type": "binary-expr",
        "locations": [
          {
            "start": {
              "line": 4,
              "column": 46
            },
            "end": {
              "line": 4,
              "column": 47
            }
          },
          {
            "start": {
              "line": 4,
              "column": 51
            },
            "end": {
              "line": 4,
              "column": 72
            }
          },
          {
            "start": {
              "line": 4,
              "column": 76
            },
            "end": {
              "line": 4,
              "column": 90
            }
          }
        ],
        "line": 4
      },
      "2": {
        "loc": {
          "start": {
            "line": 9,
            "column": 4
          },
          "end": {
            "line": 18,
            "column": 5
          }
        },
        "type": "if",
        "locations": [
          {
            "start": {
              "line": 9,
              "column": 4
            },
            "end": {
              "line": 18,
              "column": 5
            }
          },
          {
            "start": {
              "line": 9,
              "column": 4
            },
            "end": {
              "line": 18,
              "column": 5
            }
          }
        ],
        "line": 9
      },
      "3": {
        "loc": {
          "start": {
            "line": 26,
            "column": 4
          },
          "end": {
            "line": 32,
            "column": 5
          }
        },
        "type": "if",
        "locations": [
          {
            "start": {
              "line": 26,
              "column": 4
            },
            "end": {
              "line": 32,
              "column": 5
            }
          },
          {
            "start": {
              "line": 26,
              "column": 4
            },
            "end": {
              "line": 32,
              "column": 5
            }
          }
        ],
        "line": 26
      },
      "4": {
        "loc": {
          "start": {
            "line": 28,
            "column": 6
          },
          "end": {
            "line": 30,
            "column": 9
          }
        },
        "type": "if",
        "locations": [
          {
            "start": {
              "line": 28,
              "column": 6
            },
            "end": {
              "line": 30,
              "column": 9
            }
          },
          {
            "start": {
              "line": 28,
              "column": 6
            },
            "end": {
              "line": 30,
              "column": 9
            }
          }
        ],
        "line": 28
      },
      "5": {
        "loc": {
          "start": {
            "line": 39,
            "column": 19
          },
          "end": {
            "line": 39,
            "column": 59
          }
        },
        "type": "cond-expr",
        "locations": [
[...]
        },
        "line": 20
      },
      "1": {
        "name": "(anonymous_1)",
        "decl": {
          "start": {
            "line": 41,
            "column": 19
          },
          "end": {
            "line": 41,
            "column": 20
          }
        },
        "loc": {
          "start": {
            "line": 41,
            "column": 31
          },
          "end": {
            "line": 56,
            "column": 1
          }
        },
        "line": 41
      },
      "2": {
        "name": "(anonymous_2)",
        "decl": {
          "start": {
            "line": 58,
            "column": 15
          },
          "end": {
            "line": 58,
            "column": 16
          }
        },
        "loc": {
          "start": {
            "line": 58,
            "column": 23
          },
          "end": {
            "line": 58,
            "column": 49
          }
        },
        "line": 58
      },
      "3": {
        "name": "(anonymous_3)",
        "decl": {
          "start": {
            "line": 60,
            "column": 17
          },
          "end": {
            "line": 60,
            "column": 18
          }
        },
        "loc": {
          "start": {
            "line": 60,
            "column": 23
          },
          "end": {
            "line": 60,
            "column": 52
          }
        },
        "line": 60
      },
      "4": {
        "name": "(anonymous_4)",
        "decl": {
          "start": {
            "line": 63,
            "column": 26
          },
          "end": {
            "line": 63,
            "column": 27
          }
        },
        "loc": {
          "start": {
            "line": 63,
            "column": 63
          },
          "end": {
            "line": 118,
            "column": 1
          }
        },
        "line": 63
      },
      "5": {
        "name": "(anonymous_5)",
        "decl": {
          "start": {
            "line": 67,
            "column": 26
          },
          "end": {
            "line": 67,
            "column": 27
          }
        },
        "loc": {
          "start": {
            "line": 67,
            "column": 52
          },
          "end": {
            "line": 115,
            "column": 3
          }
        },
        "line": 67
      },
      "6": {
        "name": "(anonymous_6)",
        "decl": {
          "start": {
            "line": 68,
            "column": 45
          },
          "end": {
            "line": 68,
            "column": 46
          }
        },
        "loc": {
          "start": {
            "line": 68,
            "column": 71
          },
          "end": {
            "line": 113,
            "column": 5
          }
        },
        "line": 68
      },
      "7": {
        "name": "(anonymous_7)",
        "decl": {
          "start": {
            "line": 78,
            "column": 17
          },
          "end": {
            "line": 78,
            "column": 18
          }
        },
        "loc": {
          "start": {
            "line": 78,
            "column": 23
          },
          "end": {
            "line": 80,
            "column": 7
          }
        },
        "line": 78
      }
    },
    "branchMap": {
      "0": {
        "loc": {
          "start": {
            "line": 23,
            "column": 6
          },
          "end": {
            "line": 23,
            "column": 33
          }
        },
        "type": "default-arg",
        "locations": [
          {
            "start": {
              "line": 23,
              "column": 14
            },
            "end": {
              "line": 23,
              "column": 33
            }
          }
        ],
        "line": 23
      },
      "1": {
        "loc": {
          "start": {
            "line": 26,
            "column": 4
          },
          "end": {
            "line": 34,
            "column": 5
          }
        },
        "type": "if",
        "locations": [
          {
            "start": {
              "line": 26,
              "column": 4
            },
            "end": {
              "line": 34,
              "column": 5
            }
          },
          {
            "start": {
              "line": 26,
              "column": 4
            },
            "end": {
              "line": 34,
              "column": 5
            }
          }
        ],
        "line": 26
      },
      "2": {
        "loc": {
          "start": {
            "line": 28,
            "column": 6
          },
          "end": {
            "line": 28,
            "column": 194
          }
        },
        "type": "if",
        "locations": [
          {
            "start": {
              "line": 28,
              "column": 6
            },
            "end": {
              "line": 28,
              "column": 194
            }
          },
          {
            "start": {
              "line": 28,
              "column": 6
            },
            "end": {
              "line": 28,
              "column": 194
            }
          }
        ],
        "line": 28
      },
      "3": {
        "loc": {
          "start": {
            "line": 31,
            "column": 6
          },
          "end": {
            "line": 33,
            "column": 7
          }
        },
        "type": "if",
        "locations": [
          {
            "start": {
              "line": 31,
              "column": 6
            },
            "end": {
              "line": 33,
              "column": 7
            }
          },
          {
            "start": {
              "line": 31,
              "column": 6
            },
            "end": {
              "line": 33,
              "column": 7
            }
          }
        ],
        "line": 31
      },
      "4": {
        "loc": {
          "start": {
            "line": 31,
            "column": 10
          },
          "end": {
            "line": 31,
            "column": 64
          }
        },
        "type": "binary-expr",
        "locations": [
          {
            "start": {
              "line": 31,
              "column": 10
            },
            "end": {
              "line": 31,
              "column": 21
            }
          },
          {
            "start": {
              "line": 31,
              "column": 25
            },
            "end": {
              "line": 31,
              "column": 42
            }
          },
          {
            "start": {
              "line": 31,
              "column": 46
            },
            "end": {
              "line": 31,
              "column": 64
            }
          }
        ],
        "line": 31
      },
      "5": {
        "loc": {
          "start": {
            "line": 42,
            "column": 19
          },
          "end": {
            "line": 42,
            "column": 84
          }
        },
        "type": "binary-expr",
        "locations": [
          {
            "start": {
              "line": 42,
              "column": 19
            },
            "end": {
              "line": 42,
              "column": 49
            }
          },
          {
            "start": {
              "line": 42,
              "column": 53
            },
            "end": {
              "line": 42,
              "column": 75
            }
          },
          {
            "start": {
              "line": 42,
              "column": 79
            },
            "end": {
              "line": 42,
              "column": 84
            }
          }
        ],
        "line": 42
      },
      "6": {
        "loc": {
          "start": {
            "line": 44,
            "column": 2
          },
          "end": {
            "line": 53,
            "column": 3
          }
        },
        "type": "if",
        "locations": [
          {
            "start": {
              "line": 44,
              "column": 2
            },
            "end": {
              "line": 53,
              "column": 3
            }
          },
          {
            "start": {
              "line": 44,
              "column": 2
            },
            "end": {
              "line": 53,
              "column": 3
            }
          }
        ],
        "line": 44
      },
      "7": {
        "loc": {
          "start": {
            "line": 62,
            "column": 18
          },
          "end": {
            "line": 62,
            "column": 51
          }
        },
        "type": "cond-expr",
        "locations": [
          {
            "start": {
              "line": 62,
              "column": 31
            },
            "end": {
              "line": 62,
              "column": 43
            }
          },
          {
            "start": {
              "line": 62,
              "column": 46
            },
            "end": {
              "line": 62,
              "column": 51
            }
          }
        ],
        "line": 62
      },
      "8": {
        "loc": {
          "start": {
            "line": 63,
            "column": 27
          },
          "end": {
            "line": 63,
            "column": 58
          }
        },
        "type": "default-arg",
        "locations": [
          {
            "start": {
              "line": 63,
              "column": 45
            },
            "end": {
              "line": 63,
              "column": 58
            }
          }
        ],
        "line": 63
      },
      "9": {
        "loc": {
          "start": {
            "line": 67,
            "column": 38
          },
          "end": {
            "line": 67,
            "column": 47
          }
        },
        "type": "default-arg",
        "locations": [
          {
            "start": {
              "line": 67,
              "column": 45
            },
            "end": {
              "line": 67,
              "column": 47
            }
          }
        ],
        "line": 67
      },
      "10": {
        "loc": {
          "start": {
            "line": 70,
            "column": 15
          },
          "end": {
            "line": 70,
            "column": 50
          }
        },
        "type": "default-arg",
        "locations": [
          {
            "start": {
              "line": 70,
              "column": 29
            },
            "end": {
              "line": 70,
              "column": 50
            }
          }
        ],
        "line": 70
      },
      "11": {
        "loc": {
          "start": {
            "line": 71,
            "column": 17
          },
          "end": {
            "line": 71,
            "column": 51
          }
        },
        "type": "default-arg",
        "locations": [
          {
            "start": {
              "line": 71,
              "column": 28
            },
            "end": {
              "line": 71,
              "column": 51
            }
          }
        ],
        "line": 71
      },
      "12": {
        "loc": {
          "start": {
            "line": 72,
            "column": 8
          },
          "end": {
            "line": 72,
            "column": 66
          }
        },
        "type": "default-arg",
        "locations": [
          {
            "start": {
              "line": 72,
              "column": 18
            },
            "end": {
              "line": 72,
              "column": 66
            }
          }
        ],
        "line": 72
      },
      "13": {
        "loc": {
          "start": {
            "line": 72,
            "column": 18
          },
          "end": {
            "line": 72,
            "column": 66
          }
        },
        "type": "binary-expr",
        "locations": [
          {
            "start": {
              "line": 72,
              "column": 18
            },
            "end": {
              "line": 72,
              "column": 41
            }
          },
          {
            "start": {
              "line": 72,
              "column": 45
            },
            "end": {
              "line": 72,
              "column": 66
            }
          }
        ],
        "line": 72
      },
      "14": {
        "loc": {
          "start": {
            "line": 75,
            "column": 24
          },
          "end": {
            "line": 75,
            "column": 72
          }
        },
        "type": "binary-expr",
        "locations": [
          {
            "start": {
              "line": 75,
              "column": 24
            },
            "end": {
              "line": 75,
              "column": 32
            }
          },
          {
            "start": {
              "line": 75,
              "column": 36
            },
            "end": {
              "line": 75,
              "column": 59
            }
          },
          {
            "start": {
              "line": 75,
              "column": 63
            },
            "end": {
              "line": 75,
              "column": 72
            }
          }
        ],
        "line": 75
      },
      "15": {
        "loc": {
          "start": {
            "line": 90,
            "column": 6
          },
          "end": {
            "line": 99,
            "column": 7
          }
        },
        "type": "if",
        "locations": [
          {
            "start": {
              "line": 90,
              "column": 6
            },
            "end": {
              "line": 99,
              "column": 7
            }
          },
          {
            "start": {
              "line": 90,
              "column": 6
            },
            "end": {
              "line": 99,
              "column": 7
            }
          }
        ],
        "line": 90
      },
      "16": {
        "loc": {
          "start": {
            "line": 91,
            "column": 8
          },
          "end": {
            "line": 96,
            "column": 9
          }
        },
        "type": "if",
        "locations": [
          {
            "start": {
              "line": 91,
              "column": 8
            },
            "end": {
              "line": 96,
              "column": 9
            }
          },
          {
            "start": {
              "line": 91,
              "column": 8
            },
            "end": {
              "line": 96,
              "column": 9
            }
          }
        ],
        "line": 91
      },
      "17": {
        "loc": {
          "start": {
            "line": 91,
            "column": 12
          },
          "end": {
            "line": 94,
            "column": 11
          }
        },
        "type": "binary-expr",
        "locations": [
          {
            "start": {
              "line": 91,
              "column": 12
            },
            "end": {
              "line": 91,
              "column": 27
            }
          },
          {
            "start": {
              "line": 91,
              "column": 32
            },
            "end": {
              "line": 94,
              "column": 10
            }
          }
        ],
        "line": 91
      },
      "18": {
        "loc": {
          "start": {
            "line": 101,
            "column": 6
          },
          "end": {
            "line": 110,
            "column": 7
          }
        },
        "type": "if",
        "locations": [
          {
            "start": {
              "line": 101,
              "column": 6
            },
            "end": {
              "line": 110,
              "column": 7
            }
          },
          {
            "start": {
              "line": 101,
              "column": 6
            },
            "end": {
              "line": 110,
              "column": 7
            }
          }
        ],
        "line": 101
      },
      "19": {
        "loc": {
          "start": {
            "line": 102,
            "column": 8
          },
          "end": {
            "line": 107,
            "column": 9
          }
        },
        "type": "if",
        "locations": [
          {
            "start": {
              "line": 102,
              "column": 8
            },
            "end": {
              "line": 107,
              "column": 9
            }
          },
          {
            "start": {
              "line": 102,
              "column": 8
            },
            "end": {
              "line": 107,
              "column": 9
            }
          }
        ],
        "line": 102
      },
      "20": {
        "loc": {
          "start": {
            "line": 102,
            "column": 12
          },
          "end": {
            "line": 105,
            "column": 11
          }
        },
        "type": "binary-expr",
        "locations": [
          {
            "start": {
              "line": 102,
              "column": 12
            },
            "end": {
              "line": 102,
              "column": 27
            }
          },
          {
            "start": {
              "line": 102,
              "column": 32
            },
            "end": {
              "line": 105,
              "column": 10
            }
          }
        ],
        "line": 102
      },
      "21": {
        "loc": {
          "start": {
            "line": 113,
            "column": 7
          },
          "end": {
            "line": 113,
            "column": 42
          }
        },
        "type": "binary-expr",
        "locations": [
          {
            "start": {
              "line": 113,
              "column": 7
            },
            "end": {
              "line": 113,
              "column": 17
            }
          },
          {
            "start": {
              "line": 113,
              "column": 21
            },
            "end": {
              "line": 113,
              "column": 42
            }
          }
        ],
        "line": 113
      }
    },
    "s": {
      "0": 1,
      "1": 33,
      "2": 33,
      "3": 24,
      "4": 24,
      "5": 9,
      "6": 15,
      "7": 24,
      "8": 21,
      "9": 12,
      "10": 1,
      "11": 36,
      "12": 36,
      "13": 12,
      "14": 12,
      "15": 12,
      "16": 12,
      "17": 24,
      "18": 1,
      "19": 33,
      "20": 1,
      "21": 1,
      "22": 1,
      "23": 1,
      "24": 3,
      "25": 15,
      "26": 36,
      "27": 36,
      "28": 36,
      "29": 36,
      "30": 18,
      "31": 36,
      "32": 36,
      "33": 12,
      "34": 9,
      "35": 3,
      "36": 24,
      "37": 21,
      "38": 12,
      "39": 9,
      "40": 3,
      "41": 12,
      "42": 3,
      "43": 1
    },
    "f": {
      "0": 33,
      "1": 36,
      "2": 33,
      "3": 1,
      "4": 3,
      "5": 15,
      "6": 36,
      "7": 18
    },
    "b": {
      "0": [
        27
      ],
      "1": [
        24,
        9
      ],
      "2": [
        9,
        15
      ],
      "3": [
        21,
        3
      ],
      "4": [
        24,
        15,
        15
      ],
      "5": [
        36,
        36,
        24
      ],
      "6": [
        12,
        24
      ],
      "7": [
        1,
        0
      ],
      "8": [
        1
      ],
      "9": [
        9
      ],
      "10": [
        30
      ],
      "11": [
        18
      ],
      "12": [
        36
      ],
      "13": [
        36,
        12
      ],
      "14": [
        36,
        6,
        6
      ],
      "15": [
        12,
        24
      ],
      "16": [
        9,
        3
      ],
      "17": [
        12,
        12
      ],
      "18": [
        21,
        3
      ],
      "19": [
        12,
        9
      ],
      "20": [
        21,
        21
      ],
      "21": [
        15,
        12
      ]
    },
    "_coverageSchema": "1a1c01bbd47fc00a2c39e90264f33305004495a9",
    "hash": "ba1747e8f83a34a7b3ceefb15da1c7685dddbc02"
  }
}