<?xml version="1.0" encoding="UTF-8"?>
<coverage generated="1615747974529" clover="3.2.0">
  <project timestamp="1615747974529" name="All files">
    <metrics statements="1032" coveredstatements="606" conditionals="648" coveredconditionals="300" methods="193" coveredmethods="120" elements="1873" coveredelements="1026" complexity="0" loc="1032" ncloc="1032" packages="2" files="3" classes="3"/>
    <package name="dist">
      <metrics statements="40" coveredstatements="40" conditionals="41" coveredconditionals="40" methods="8" coveredmethods="8"/>
      <file name="enterprise-fetch.esm.js" path="C:\dev\enterprise-fetch\dist\enterprise-fetch.esm.js">
        <metrics statements="40" coveredstatements="40" conditionals="41" coveredconditionals="40" methods="8" coveredmethods="8"/>
        <line num="6" count="2" type="stmt"/>
        <line num="24" count="66" type="stmt"/>
        <line num="26" count="66" type="cond" truecount="2" falsecount="0"/>
        <line num="27" count="48" type="stmt"/>
        <line num="28" count="48" type="cond" truecount="2" falsecount="0"/>
        <line num="31" count="48" type="cond" truecount="5" falsecount="0"/>
        <line num="32" count="42" type="stmt"/>
        <line num="36" count="24" type="stmt"/>
        <line num="41" count="2" type="stmt"/>
        <line num="42" count="72" type="cond" truecount="3" falsecount="0"/>
        <line num="44" count="72" type="cond" truecount="2" falsecount="0"/>
        <line num="45" count="24" type="stmt"/>
        <line num="46" count="24" type="stmt"/>
        <line num="49" count="24" type="stmt"/>
        <line num="50" count="24" type="stmt"/>
        <line num="55" count="48" type="stmt"/>
        <line num="58" count="66" type="stmt"/>
        <line num="60" count="2" type="stmt"/>
        <line num="62" count="2" type="cond" truecount="1" falsecount="1"/>
        <line num="63" count="2" type="cond" truecount="1" falsecount="0"/>
        <line num="67" count="6" type="cond" truecount="1" falsecount="0"/>
        <line num="68" count="30" type="stmt"/>
        <line num="74" count="72" type="stmt"/>
        <line num="75" count="72" type="cond" truecount="3" falsecount="0"/>
        <line num="77" count="72" type="stmt"/>
        <line num="78" count="72" type="stmt"/>
        <line num="79" count="36" type="stmt"/>
        <line num="82" count="72" type="stmt"/>
        <line num="90" count="72" type="cond" truecount="2" falsecount="0"/>
        <line num="91" count="24" type="cond" truecount="4" falsecount="0"/>
        <line num="95" count="18" type="stmt"/>
        <line num="98" count="6" type="stmt"/>
        <line num="101" count="48" type="cond" truecount="2" falsecount="0"/>
        <line num="102" count="42" type="cond" truecount="4" falsecount="0"/>
        <line num="106" count="24" type="stmt"/>
        <line num="109" count="18" type="stmt"/>
        <line num="112" count="6" type="stmt"/>
        <line num="114" count="24" type="stmt"/>
        <line num="117" count="6" type="stmt"/>
        <line num="119" count="2" type="stmt"/>
      </file>
    </package>
    <package name="dist.client">
      <metrics statements="992" coveredstatements="566" conditionals="607" coveredconditionals="260" methods="185" coveredmethods="112"/>
      <file name="enterprise-fetch.cjs.js" path="C:\dev\enterprise-fetch\dist\client\enterprise-fetch.cjs.js">
        <metrics statements="709" coveredstatements="384" conditionals="436" coveredconditionals="162" methods="131" coveredmethods="74"/>
        <line num="1" count="88" type="stmt"/>
        <line num="4" count="88" type="cond" truecount="3" falsecount="2"/>
        <line num="6" count="88" type="stmt"/>
        <line num="9" count="10" type="cond" truecount="1" falsecount="1"/>
        <line num="10" count="0" type="stmt"/>
        <line num="17" count="10" type="stmt"/>
        <line num="20" count="10" type="stmt"/>
        <line num="24" count="70" type="cond" truecount="1" falsecount="1"/>
        <line num="28" count="0" type="cond" truecount="0" falsecount="4"/>
        <line num="29" count="0" type="stmt"/>
        <line num="30" count="0" type="stmt"/>
        <line num="31" count="0" type="stmt"/>
        <line num="32" count="0" type="stmt"/>
        <line num="34" count="0" type="stmt"/>
        <line num="35" count="0" type="stmt"/>
        <line num="36" count="0" type="stmt"/>
        <line num="38" count="0" type="cond" truecount="0" falsecount="4"/>
        <line num="41" count="0" type="stmt"/>
        <line num="42" count="0" type="stmt"/>
        <line num="44" count="0" type="stmt"/>
        <line num="45" count="0" type="cond" truecount="0" falsecount="4"/>
        <line num="47" count="0" type="cond" truecount="0" falsecount="2"/>
        <line num="51" count="0" type="stmt"/>
        <line num="55" count="0" type="cond" truecount="0" falsecount="4"/>
        <line num="57" count="0" type="stmt"/>
        <line num="58" count="0" type="stmt"/>
        <line num="61" count="0" type="stmt"/>
        <line num="65" count="0" type="cond" truecount="0" falsecount="2"/>
        <line num="66" count="0" type="cond" truecount="0" falsecount="2"/>
        <line num="67" count="0" type="stmt"/>
        <line num="68" count="0" type="cond" truecount="0" falsecount="4"/>
        <line num="69" count="0" type="cond" truecount="0" falsecount="4"/>
        <line num="70" count="0" type="cond" truecount="0" falsecount="4"/>
        <line num="74" count="0" type="stmt"/>
        <line num="78" count="70" type="cond" truecount="1" falsecount="3"/>
        <line num="82" count="72" type="cond" truecount="1" falsecount="1"/>
        <line num="83" count="72" type="stmt"/>
        <line num="84" count="72" type="stmt"/>
        <line num="87" count="72" type="stmt"/>
        <line num="88" count="50" type="stmt"/>
        <line num="89" count="50" type="cond" truecount="2" falsecount="0"/>
        <line num="90" count="10" type="stmt"/>
        <line num="93" count="72" type="stmt"/>
        <line num="97" count="72" type="cond" truecount="1" falsecount="1"/>
        <line num="98" count="72" type="stmt"/>
        <line num="101" count="72" type="cond" truecount="1" falsecount="1"/>
        <line num="102" count="72" type="stmt"/>
        <line num="104" count="72" type="stmt"/>
        <line num="105" count="0" type="stmt"/>
        <line num="106" count="0" type="cond" truecount="0" falsecount="2"/>
        <line num="107" count="0" type="cond" truecount="0" falsecount="2"/>
        <line num="108" count="0" type="stmt"/>
        <line num="112" count="72" type="stmt"/>
        <line num="116" count="422" type="stmt"/>
        <line num="117" count="422" type="stmt"/>
        <line num="118" count="402" type="stmt"/>
        <line num="120" count="20" type="stmt"/>
        <line num="121" count="20" type="stmt"/>
        <line num="124" count="402" type="cond" truecount="2" falsecount="0"/>
        <line num="125" count="172" type="stmt"/>
        <line num="127" count="230" type="stmt"/>
        <line num="132" count="580" type="stmt"/>
        <line num="133" count="196" type="stmt"/>
        <line num="134" count="196" type="stmt"/>
        <line num="135" count="196" type="stmt"/>
        <line num="136" count="196" type="stmt"/>
        <line num="139" count="422" type="stmt"/>
        <line num="143" count="0" type="stmt"/>
        <line num="146" count="196" type="stmt"/>
        <line num="152" count="176" type="stmt"/>
        <line num="153" count="176" type="stmt"/>
        <line num="163" count="88" type="stmt"/>
        <line num="164" count="88" type="stmt"/>
        <line num="166" count="88" type="stmt"/>
        <line num="167" count="88" type="stmt"/>
        <line num="169" count="88" type="cond" truecount="1" falsecount="1"/>
        <line num="170" count="88" type="cond" truecount="1" falsecount="1"/>
        <line num="171" count="88" type="cond" truecount="1" falsecount="1"/>
        <line num="172" count="88" type="cond" truecount="1" falsecount="1"/>
        <line num="175" count="792" type="stmt"/>
        <line num="181" count="792" type="stmt"/>
        <line num="183" count="88" type="stmt"/>
        <line num="185" count="88" type="stmt"/>
        <line num="187" count="0" type="stmt"/>
        <line num="188" count="0" type="stmt"/>
        <line num="194" count="196" type="cond" truecount="3" falsecount="1"/>
        <line num="195" count="196" type="stmt"/>
        <line num="196" count="196" type="cond" truecount="2" falsecount="0"/>
        <line num="200" count="196" type="stmt"/>
        <line num="202" count="196" type="stmt"/>
        <line num="204" count="88" type="stmt"/>
        <line num="217" count="614" type="stmt"/>
        <line num="218" count="614" type="stmt"/>
        <line num="220" count="40" type="stmt"/>
        <line num="224" count="88" type="stmt"/>
        <line num="225" count="88" type="stmt"/>
        <line num="226" count="88" type="stmt"/>
        <line num="227" count="88" type="stmt"/>
        <line num="231" count="88" type="stmt"/>
        <line num="243" count="88" type="stmt"/>
        <line num="244" count="88" type="stmt"/>
        <line num="245" count="0" type="stmt"/>
        <line num="248" count="88" type="stmt"/>
        <line num="249" count="88" type="cond" truecount="2" falsecount="0"/>
        <line num="250" count="88" type="cond" truecount="4" falsecount="1"/>
        <line num="255" count="88" type="stmt"/>
        <line num="258" count="88" type="stmt"/>
        <line num="260" count="88" type="stmt"/>
        <line num="261" count="88" type="stmt"/>
        <line num="262" count="88" type="stmt"/>
        <line num="271" count="176" type="stmt"/>
        <line num="272" count="528" type="stmt"/>
        <line num="273" count="422" type="stmt"/>
        <line num="278" count="88" type="stmt"/>
        <line num="279" count="0" type="cond" truecount="0" falsecount="2"/>
        <line num="280" count="0" type="cond" truecount="0" falsecount="2"/>
        <line num="288" count="88" type="stmt"/>
        <line num="289" count="580" type="cond" truecount="1" falsecount="1"/>
        <line num="290" count="580" type="stmt"/>
        <line num="292" count="0" type="stmt"/>
        <line num="293" count="0" type="stmt"/>
        <line num="295" count="580" type="stmt"/>
        <line num="296" count="580" type="stmt"/>
        <line num="303" count="88" type="stmt"/>
        <line num="304" count="0" type="stmt"/>
        <line num="309" count="0" type="stmt"/>
        <line num="310" count="0" type="cond" truecount="0" falsecount="2"/>
        <line num="311" count="0" type="stmt"/>
        <line num="313" count="0" type="stmt"/>
        <line num="314" count="0" type="stmt"/>
        <line num="315" count="0" type="cond" truecount="0" falsecount="5"/>
        <line num="318" count="0" type="stmt"/>
        <line num="319" count="0" type="stmt"/>
        <line num="321" count="0" type="stmt"/>
        <line num="325" count="0" type="stmt"/>
        <line num="329" count="0" type="stmt"/>
        <line num="330" count="0" type="stmt"/>
        <line num="334" count="0" type="stmt"/>
        <line num="343" count="0" type="stmt"/>
        <line num="344" count="0" type="stmt"/>
        <line num="348" count="0" type="stmt"/>
        <line num="371" count="0" type="stmt"/>
        <line num="374" count="88" type="stmt"/>
        <line num="375" count="88" type="stmt"/>
        <line num="376" count="0" type="stmt"/>
        <line num="378" count="88" type="stmt"/>
        <line num="383" count="88" type="stmt"/>
        <line num="384" count="0" type="cond" truecount="0" falsecount="2"/>
        <line num="386" count="0" type="stmt"/>
        <line num="391" count="0" type="cond" truecount="0" falsecount="2"/>
        <line num="394" count="0" type="cond" truecount="0" falsecount="2"/>
        <line num="399" count="196" type="stmt"/>
        <line num="401" count="196" type="stmt"/>
        <line num="402" count="422" type="cond" truecount="1" falsecount="1"/>
        <line num="403" count="0" type="stmt"/>
        <line num="406" count="422" type="cond" truecount="1" falsecount="1"/>
        <line num="407" count="0" type="cond" truecount="0" falsecount="2"/>
        <line num="408" count="0" type="stmt"/>
        <line num="413" count="0" type="stmt"/>
        <line num="416" count="422" type="stmt"/>
        <line num="417" count="422" type="stmt"/>
        <line num="419" count="422" type="stmt"/>
        <line num="420" count="634" type="stmt"/>
        <line num="421" count="634" type="cond" truecount="1" falsecount="1"/>
        <line num="422" count="0" type="stmt"/>
        <line num="423" count="0" type="cond" truecount="0" falsecount="2"/>
        <line num="424" count="0" type="cond" truecount="0" falsecount="2"/>
        <line num="425" count="0" type="stmt"/>
        <line num="429" count="634" type="cond" truecount="2" falsecount="0"/>
        <line num="432" count="422" type="stmt"/>
        <line num="434" count="212" type="cond" truecount="2" falsecount="0"/>
        <line num="435" count="40" type="cond" truecount="1" falsecount="1"/>
        <line num="436" count="0" type="stmt"/>
        <line num="437" count="0" type="stmt"/>
        <line num="440" count="40" type="stmt"/>
        <line num="442" count="172" type="cond" truecount="1" falsecount="1"/>
        <line num="443" count="172" type="stmt"/>
        <line num="446" count="614" type="stmt"/>
        <line num="448" count="614" type="stmt"/>
        <line num="449" count="614" type="cond" truecount="2" falsecount="0"/>
        <line num="452" count="574" type="cond" truecount="2" falsecount="0"/>
        <line num="456" count="574" type="cond" truecount="2" falsecount="0"/>
        <line num="457" count="172" type="stmt"/>
        <line num="460" count="402" type="stmt"/>
        <line num="465" count="40" type="cond" truecount="1" falsecount="1"/>
        <line num="466" count="40" type="stmt"/>
        <line num="469" count="40" type="stmt"/>
        <line num="470" count="40" type="stmt"/>
        <line num="481" count="0" type="stmt"/>
        <line num="482" count="0" type="cond" truecount="0" falsecount="2"/>
        <line num="485" count="0" type="stmt"/>
        <line num="487" count="0" type="cond" truecount="0" falsecount="2"/>
        <line num="489" count="0" type="cond" truecount="0" falsecount="2"/>
        <line num="492" count="0" type="stmt"/>
        <line num="493" count="0" type="stmt"/>
        <line num="494" count="0" type="stmt"/>
        <line num="496" count="0" type="cond" truecount="0" falsecount="2"/>
        <line num="499" count="0" type="stmt"/>
        <line num="503" count="0" type="stmt"/>
        <line num="504" count="0" type="stmt"/>
        <line num="508" count="0" type="stmt"/>
        <line num="511" count="0" type="stmt"/>
        <line num="513" count="0" type="cond" truecount="0" falsecount="2"/>
        <line num="514" count="0" type="stmt"/>
        <line num="515" count="0" type="stmt"/>
        <line num="516" count="0" type="stmt"/>
        <line num="517" count="0" type="stmt"/>
        <line num="520" count="0" type="stmt"/>
        <line num="522" count="0" type="cond" truecount="0" falsecount="2"/>
        <line num="523" count="0" type="stmt"/>
        <line num="524" count="0" type="stmt"/>
        <line num="525" count="0" type="stmt"/>
        <line num="526" count="0" type="stmt"/>
        <line num="529" count="0" type="cond" truecount="0" falsecount="2"/>
        <line num="532" count="0" type="stmt"/>
        <line num="535" count="0" type="stmt"/>
        <line num="543" count="0" type="cond" truecount="0" falsecount="2"/>
        <line num="544" count="0" type="stmt"/>
        <line num="545" count="0" type="stmt"/>
        <line num="550" count="0" type="stmt"/>
        <line num="555" count="0" type="stmt"/>
        <line num="556" count="0" type="stmt"/>
        <line num="561" count="88" type="stmt"/>
        <line num="563" count="88" type="stmt"/>
        <line num="570" count="88" type="stmt"/>
        <line num="571" count="0" type="stmt"/>
        <line num="574" count="88" type="stmt"/>
        <line num="575" count="0" type="stmt"/>
        <line num="579" count="0" type="stmt"/>
        <line num="581" count="0" type="cond" truecount="0" falsecount="2"/>
        <line num="582" count="0" type="stmt"/>
        <line num="585" count="0" type="cond" truecount="0" falsecount="2"/>
        <line num="586" count="0" type="stmt"/>
        <line num="587" count="0" type="stmt"/>
        <line num="590" count="0" type="stmt"/>
        <line num="594" count="196" type="cond" truecount="2" falsecount="0"/>
        <line num="595" count="196" type="stmt"/>
        <line num="596" count="196" type="stmt"/>
        <line num="597" count="196" type="stmt"/>
        <line num="604" count="196" type="stmt"/>
        <line num="605" count="196" type="stmt"/>
        <line num="606" count="196" type="stmt"/>
        <line num="609" count="88" type="stmt"/>
        <line num="610" count="0" type="stmt"/>
        <line num="611" count="0" type="stmt"/>
        <line num="612" count="0" type="stmt"/>
        <line num="614" count="0" type="stmt"/>
        <line num="618" count="0" type="stmt"/>
        <line num="619" count="0" type="stmt"/>
        <line num="620" count="0" type="stmt"/>
        <line num="621" count="0" type="cond" truecount="0" falsecount="2"/>
        <line num="622" count="0" type="stmt"/>
        <line num="623" count="0" type="stmt"/>
        <line num="624" count="0" type="stmt"/>
        <line num="631" count="0" type="stmt"/>
        <line num="632" count="0" type="stmt"/>
        <line num="637" count="88" type="cond" truecount="1" falsecount="1"/>
        <line num="638" count="88" type="stmt"/>
        <line num="639" count="88" type="cond" truecount="1" falsecount="1"/>
        <line num="640" count="88" type="stmt"/>
        <line num="643" count="0" type="cond" truecount="0" falsecount="2"/>
        <line num="644" count="0" type="stmt"/>
        <line num="647" count="0" type="cond" truecount="0" falsecount="2"/>
        <line num="648" count="0" type="stmt"/>
        <line num="649" count="0" type="stmt"/>
        <line num="650" count="0" type="cond" truecount="0" falsecount="2"/>
        <line num="651" count="0" type="stmt"/>
        <line num="652" count="0" type="stmt"/>
        <line num="653" count="0" type="stmt"/>
        <line num="657" count="0" type="stmt"/>
        <line num="658" count="0" type="stmt"/>
        <line num="660" count="0" type="stmt"/>
        <line num="663" count="0" type="stmt"/>
        <line num="668" count="0" type="stmt"/>
        <line num="670" count="88" type="stmt"/>
        <line num="673" count="0" type="stmt"/>
        <line num="676" count="88" type="stmt"/>
        <line num="680" count="196" type="stmt"/>
        <line num="681" count="196" type="stmt"/>
        <line num="684" count="196" type="stmt"/>
        <line num="685" count="196" type="stmt"/>
        <line num="686" count="196" type="stmt"/>
        <line num="688" count="196" type="stmt"/>
        <line num="689" count="196" type="stmt"/>
        <line num="691" count="196" type="stmt"/>
        <line num="693" count="196" type="cond" truecount="1" falsecount="1"/>
        <line num="694" count="0" type="stmt"/>
        <line num="696" count="0" type="cond" truecount="0" falsecount="5"/>
        <line num="699" count="0" type="stmt"/>
        <line num="706" count="192" type="stmt"/>
        <line num="708" count="192" type="stmt"/>
        <line num="709" count="192" type="stmt"/>
        <line num="710" count="192" type="cond" truecount="2" falsecount="0"/>
        <line num="711" count="20" type="stmt"/>
        <line num="714" count="172" type="stmt"/>
        <line num="718" count="40" type="cond" truecount="2" falsecount="0"/>
        <line num="719" count="20" type="stmt"/>
        <line num="722" count="20" type="stmt"/>
        <line num="724" count="20" type="stmt"/>
        <line num="725" count="20" type="stmt"/>
        <line num="726" count="20" type="stmt"/>
        <line num="728" count="20" type="cond" truecount="1" falsecount="1"/>
        <line num="731" count="0" type="stmt"/>
        <line num="732" count="0" type="stmt"/>
        <line num="735" count="20" type="stmt"/>
        <line num="738" count="20" type="stmt"/>
        <line num="739" count="20" type="stmt"/>
        <line num="740" count="20" type="stmt"/>
        <line num="742" count="20" type="cond" truecount="1" falsecount="1"/>
        <line num="746" count="20" type="stmt"/>
        <line num="749" count="0" type="cond" truecount="0" falsecount="2"/>
        <line num="750" count="0" type="stmt"/>
        <line num="751" count="0" type="stmt"/>
        <line num="753" count="0" type="cond" truecount="0" falsecount="4"/>
        <line num="754" count="0" type="cond" truecount="0" falsecount="2"/>
        <line num="755" count="0" type="stmt"/>
        <line num="756" count="0" type="cond" truecount="0" falsecount="2"/>
        <line num="757" count="0" type="stmt"/>
        <line num="760" count="0" type="cond" truecount="0" falsecount="2"/>
        <line num="761" count="0" type="cond" truecount="0" falsecount="2"/>
        <line num="762" count="0" type="stmt"/>
        <line num="765" count="0" type="cond" truecount="0" falsecount="2"/>
        <line num="766" count="0" type="cond" truecount="0" falsecount="2"/>
        <line num="767" count="0" type="stmt"/>
        <line num="771" count="0" type="stmt"/>
        <line num="778" count="344" type="stmt"/>
        <line num="779" count="344" type="stmt"/>
        <line num="780" count="344" type="cond" truecount="2" falsecount="3"/>
        <line num="783" count="0" type="stmt"/>
        <line num="784" count="0" type="stmt"/>
        <line num="788" count="344" type="cond" truecount="2" falsecount="5"/>
        <line num="795" count="0" type="stmt"/>
        <line num="798" count="344" type="cond" truecount="1" falsecount="1"/>
        <line num="799" count="344" type="stmt"/>
        <line num="800" count="344" type="stmt"/>
        <line num="802" count="344" type="cond" truecount="1" falsecount="1"/>
        <line num="803" count="0" type="stmt"/>
        <line num="804" count="0" type="stmt"/>
        <line num="805" count="0" type="stmt"/>
        <line num="808" count="344" type="stmt"/>
        <line num="812" count="344" type="cond" truecount="1" falsecount="1"/>
        <line num="813" count="0" type="stmt"/>
        <line num="816" count="344" type="cond" truecount="3" falsecount="1"/>
        <line num="818" count="0" type="stmt"/>
        <line num="819" count="344" type="cond" truecount="1" falsecount="1"/>
        <line num="820" count="344" type="stmt"/>
        <line num="821" count="344" type="stmt"/>
        <line num="822" count="344" type="stmt"/>
        <line num="823" count="0" type="cond" truecount="0" falsecount="4"/>
        <line num="824" count="0" type="stmt"/>
        <line num="827" count="344" type="stmt"/>
        <line num="831" count="0" type="stmt"/>
        <line num="832" count="0" type="stmt"/>
        <line num="833" count="0" type="cond" truecount="0" falsecount="2"/>
        <line num="834" count="0" type="stmt"/>
        <line num="835" count="0" type="stmt"/>
        <line num="836" count="0" type="stmt"/>
        <line num="842" count="0" type="stmt"/>
        <line num="843" count="0" type="stmt"/>
        <line num="844" count="0" type="cond" truecount="0" falsecount="2"/>
        <line num="845" count="0" type="stmt"/>
        <line num="846" count="0" type="cond" truecount="0" falsecount="2"/>
        <line num="847" count="0" type="stmt"/>
        <line num="848" count="0" type="stmt"/>
        <line num="850" count="0" type="stmt"/>
        <line num="856" count="0" type="stmt"/>
        <line num="860" count="0" type="stmt"/>
        <line num="866" count="0" type="cond" truecount="0" falsecount="2"/>
        <line num="869" count="0" type="stmt"/>
        <line num="872" count="0" type="stmt"/>
        <line num="880" count="88" type="stmt"/>
        <line num="890" count="88" type="stmt"/>
        <line num="891" count="88" type="stmt"/>
        <line num="902" count="88" type="stmt"/>
        <line num="906" count="88" type="stmt"/>
        <line num="911" count="8" type="cond" truecount="3" falsecount="1"/>
        <line num="912" count="8" type="stmt"/>
        <line num="913" count="20" type="stmt"/>
        <line num="916" count="0" type="stmt"/>
        <line num="917" count="0" type="cond" truecount="0" falsecount="6"/>
        <line num="921" count="8" type="stmt"/>
        <line num="925" count="20" type="stmt"/>
        <line num="926" count="40" type="stmt"/>
        <line num="933" count="20" type="stmt"/>
        <line num="937" count="20" type="cond" truecount="3" falsecount="1"/>
        <line num="938" count="0" type="stmt"/>
        <line num="941" count="20" type="cond" truecount="1" falsecount="1"/>
        <line num="942" count="0" type="stmt"/>
        <line num="945" count="20" type="cond" truecount="1" falsecount="1"/>
        <line num="946" count="0" type="stmt"/>
        <line num="947" count="0" type="stmt"/>
        <line num="950" count="20" type="cond" truecount="1" falsecount="1"/>
        <line num="951" count="20" type="stmt"/>
        <line num="954" count="20" type="stmt"/>
        <line num="955" count="20" type="stmt"/>
        <line num="957" count="0" type="stmt"/>
        <line num="958" count="0" type="stmt"/>
        <line num="960" count="0" type="stmt"/>
        <line num="962" count="0" type="stmt"/>
        <line num="963" count="0" type="stmt"/>
        <line num="967" count="88" type="stmt"/>
        <line num="971" count="52" type="cond" truecount="1" falsecount="1"/>
        <line num="972" count="0" type="stmt"/>
        <line num="975" count="52" type="stmt"/>
        <line num="976" count="52" type="stmt"/>
        <line num="977" count="52" type="cond" truecount="1" falsecount="1"/>
        <line num="978" count="52" type="cond" truecount="3" falsecount="0"/>
        <line num="979" count="52" type="stmt"/>
        <line num="980" count="52" type="stmt"/>
        <line num="981" count="52" type="stmt"/>
        <line num="982" count="52" type="stmt"/>
        <line num="983" count="52" type="stmt"/>
        <line num="984" count="52" type="stmt"/>
        <line num="985" count="52" type="stmt"/>
        <line num="987" count="52" type="cond" truecount="1" falsecount="1"/>
        <line num="988" count="0" type="stmt"/>
        <line num="991" count="88" type="stmt"/>
        <line num="993" count="88" type="stmt"/>
        <line num="994" count="0" type="stmt"/>
        <line num="995" count="0" type="stmt"/>
        <line num="998" count="88" type="stmt"/>
        <line num="999" count="0" type="cond" truecount="0" falsecount="2"/>
        <line num="1000" count="0" type="stmt"/>
        <line num="1003" count="0" type="stmt"/>
        <line num="1004" count="0" type="stmt"/>
        <line num="1007" count="88" type="stmt"/>
        <line num="1008" count="20" type="cond" truecount="1" falsecount="1"/>
        <line num="1009" count="0" type="stmt"/>
        <line num="1012" count="20" type="cond" truecount="1" falsecount="1"/>
        <line num="1013" count="0" type="stmt"/>
        <line num="1015" count="20" type="stmt"/>
        <line num="1016" count="20" type="cond" truecount="3" falsecount="1"/>
        <line num="1017" count="0" type="stmt"/>
        <line num="1018" count="0" type="stmt"/>
        <line num="1021" count="20" type="stmt"/>
        <line num="1023" count="20" type="stmt"/>
        <line num="1024" count="20" type="cond" truecount="1" falsecount="1"/>
        <line num="1025" count="0" type="cond" truecount="0" falsecount="2"/>
        <line num="1027" count="0" type="stmt"/>
        <line num="1028" count="0" type="stmt"/>
        <line num="1029" count="0" type="stmt"/>
        <line num="1031" count="0" type="stmt"/>
        <line num="1035" count="20" type="stmt"/>
        <line num="1036" count="20" type="stmt"/>
        <line num="1037" count="20" type="stmt"/>
        <line num="1039" count="20" type="cond" truecount="1" falsecount="1"/>
        <line num="1040" count="0" type="stmt"/>
        <line num="1041" count="0" type="stmt"/>
        <line num="1044" count="0" type="cond" truecount="0" falsecount="2"/>
        <line num="1045" count="0" type="stmt"/>
        <line num="1049" count="20" type="stmt"/>
        <line num="1052" count="20" type="cond" truecount="1" falsecount="1"/>
        <line num="1053" count="0" type="stmt"/>
        <line num="1056" count="20" type="stmt"/>
        <line num="1059" count="88" type="stmt"/>
        <line num="1060" count="52" type="stmt"/>
        <line num="1062" count="52" type="cond" truecount="1" falsecount="1"/>
        <line num="1063" count="0" type="cond" truecount="0" falsecount="2"/>
        <line num="1064" count="0" type="stmt"/>
        <line num="1066" count="0" type="cond" truecount="0" falsecount="2"/>
        <line num="1067" count="0" type="stmt"/>
        <line num="1071" count="52" type="stmt"/>
        <line num="1072" count="52" type="cond" truecount="1" falsecount="1"/>
        <line num="1073" count="0" type="stmt"/>
        <line num="1074" count="0" type="stmt"/>
        <line num="1078" count="52" type="stmt"/>
        <line num="1080" count="52" type="stmt"/>
        <line num="1083" count="88" type="stmt"/>
        <line num="1084" count="0" type="stmt"/>
        <line num="1085" count="0" type="stmt"/>
        <line num="1088" count="88" type="stmt"/>
        <line num="1089" count="0" type="stmt"/>
        <line num="1090" count="0" type="stmt"/>
        <line num="1093" count="88" type="stmt"/>
        <line num="1095" count="88" type="stmt"/>
        <line num="1096" count="0" type="stmt"/>
        <line num="1099" count="88" type="stmt"/>
        <line num="1100" count="0" type="stmt"/>
        <line num="1103" count="88" type="stmt"/>
        <line num="1104" count="0" type="cond" truecount="0" falsecount="2"/>
        <line num="1105" count="0" type="stmt"/>
        <line num="1108" count="0" type="stmt"/>
        <line num="1109" count="0" type="stmt"/>
        <line num="1110" count="0" type="stmt"/>
        <line num="1112" count="0" type="stmt"/>
        <line num="1113" count="0" type="stmt"/>
        <line num="1114" count="0" type="stmt"/>
        <line num="1115" count="0" type="cond" truecount="0" falsecount="2"/>
        <line num="1117" count="0" type="stmt"/>
        <line num="1119" count="0" type="cond" truecount="0" falsecount="2"/>
        <line num="1120" count="0" type="stmt"/>
        <line num="1121" count="0" type="stmt"/>
        <line num="1125" count="0" type="stmt"/>
        <line num="1128" count="88" type="stmt"/>
        <line num="1129" count="88" type="stmt"/>
        <line num="1130" count="52" type="stmt"/>
        <line num="1131" count="52" type="stmt"/>
        <line num="1138" count="88" type="stmt"/>
        <line num="1139" count="52" type="cond" truecount="1" falsecount="1"/>
        <line num="1140" count="0" type="stmt"/>
        <line num="1143" count="52" type="stmt"/>
        <line num="1150" count="52" type="stmt"/>
        <line num="1151" count="148" type="stmt"/>
        <line num="1154" count="52" type="cond" truecount="1" falsecount="1"/>
        <line num="1155" count="0" type="stmt"/>
        <line num="1158" count="52" type="stmt"/>
        <line num="1159" count="52" type="stmt"/>
        <line num="1160" count="60" type="stmt"/>
        <line num="1163" count="52" type="cond" truecount="3" falsecount="2"/>
        <line num="1164" count="0" type="stmt"/>
        <line num="1168" count="52" type="stmt"/>
        <line num="1169" count="8" type="stmt"/>
        <line num="1172" count="52" type="stmt"/>
        <line num="1175" count="88" type="stmt"/>
        <line num="1176" count="60" type="cond" truecount="1" falsecount="1"/>
        <line num="1180" count="60" type="stmt"/>
        <line num="1181" count="60" type="stmt"/>
        <line num="1183" count="60" type="stmt"/>
        <line num="1186" count="88" type="stmt"/>
        <line num="1187" count="0" type="cond" truecount="0" falsecount="2"/>
        <line num="1188" count="0" type="stmt"/>
        <line num="1189" count="0" type="stmt"/>
        <line num="1192" count="0" type="cond" truecount="0" falsecount="2"/>
        <line num="1193" count="0" type="stmt"/>
        <line num="1194" count="0" type="stmt"/>
        <line num="1195" count="0" type="cond" truecount="0" falsecount="2"/>
        <line num="1196" count="0" type="stmt"/>
        <line num="1201" count="0" type="stmt"/>
        <line num="1202" count="0" type="stmt"/>
        <line num="1203" count="0" type="stmt"/>
        <line num="1205" count="0" type="stmt"/>
        <line num="1206" count="0" type="stmt"/>
        <line num="1207" count="0" type="stmt"/>
        <line num="1208" count="0" type="stmt"/>
        <line num="1210" count="0" type="stmt"/>
        <line num="1211" count="0" type="cond" truecount="0" falsecount="2"/>
        <line num="1212" count="0" type="stmt"/>
        <line num="1214" count="0" type="cond" truecount="0" falsecount="2"/>
        <line num="1215" count="0" type="stmt"/>
        <line num="1217" count="0" type="stmt"/>
        <line num="1220" count="0" type="stmt"/>
        <line num="1221" count="0" type="stmt"/>
        <line num="1224" count="0" type="stmt"/>
        <line num="1229" count="88" type="stmt"/>
        <line num="1231" count="88" type="stmt"/>
        <line num="1234" count="40" type="cond" truecount="3" falsecount="0"/>
        <line num="1241" count="52" type="cond" truecount="2" falsecount="2"/>
        <line num="1243" count="0" type="stmt"/>
        <line num="1244" count="0" type="stmt"/>
        <line num="1245" count="0" type="stmt"/>
        <line num="1248" count="52" type="stmt"/>
        <line num="1250" count="52" type="stmt"/>
        <line num="1251" count="52" type="stmt"/>
        <line num="1252" count="72" type="stmt"/>
        <line num="1254" count="72" type="stmt"/>
        <line num="1255" count="20" type="cond" truecount="1" falsecount="1"/>
        <line num="1256" count="0" type="stmt"/>
        <line num="1259" count="20" type="stmt"/>
        <line num="1263" count="20" type="cond" truecount="1" falsecount="1"/>
        <line num="1264" count="20" type="stmt"/>
        <line num="1266" count="20" type="cond" truecount="2" falsecount="2"/>
        <line num="1267" count="20" type="stmt"/>
        <line num="1271" count="0" type="stmt"/>
        <line num="1277" count="88" type="stmt"/>
        <line num="1282" count="88" type="cond" truecount="1" falsecount="3"/>
        <line num="1285" count="88" type="stmt"/>
        <line num="1286" count="88" type="stmt"/>
        <line num="1290" count="88" type="stmt"/>
        <line num="1291" count="88" type="stmt"/>
        <line num="1292" count="88" type="stmt"/>
        <line num="1293" count="88" type="stmt"/>
        <line num="1294" count="88" type="stmt"/>
        <line num="1302" count="72" type="stmt"/>
        <line num="1303" count="70" type="stmt"/>
        <line num="1305" count="0" type="cond" truecount="0" falsecount="2"/>
        <line num="1306" count="0" type="stmt"/>
        <line num="1308" count="0" type="stmt"/>
        <line num="1312" count="88" type="stmt"/>
        <line num="1324" count="88" type="stmt"/>
        <line num="1327" count="0" type="stmt"/>
        <line num="1328" count="0" type="stmt"/>
        <line num="1329" count="0" type="cond" truecount="0" falsecount="4"/>
        <line num="1331" count="0" type="stmt"/>
        <line num="1333" count="0" type="cond" truecount="0" falsecount="2"/>
        <line num="1335" count="0" type="cond" truecount="0" falsecount="2"/>
        <line num="1336" count="0" type="stmt"/>
        <line num="1337" count="0" type="stmt"/>
        <line num="1340" count="0" type="stmt"/>
        <line num="1341" count="0" type="cond" truecount="0" falsecount="2"/>
        <line num="1344" count="0" type="cond" truecount="0" falsecount="5"/>
        <line num="1345" count="0" type="stmt"/>
        <line num="1346" count="0" type="stmt"/>
        <line num="1349" count="0" type="stmt"/>
        <line num="1352" count="0" type="stmt"/>
        <line num="1356" count="0" type="stmt"/>
        <line num="1363" count="0" type="stmt"/>
        <line num="1366" count="88" type="stmt"/>
        <line num="1371" count="88" type="stmt"/>
        <line num="1372" count="88" type="stmt"/>
        <line num="1375" count="72" type="stmt"/>
        <line num="1376" count="144" type="stmt"/>
        <line num="1377" count="216" type="cond" truecount="3" falsecount="2"/>
        <line num="1379" count="72" type="cond" truecount="2" falsecount="1"/>
        <line num="1381" count="72" type="cond" truecount="1" falsecount="1"/>
        <line num="1382" count="72" type="stmt"/>
        <line num="1383" count="72" type="stmt"/>
        <line num="1386" count="0" type="stmt"/>
        <line num="1387" count="0" type="stmt"/>
        <line num="1388" count="0" type="stmt"/>
        <line num="1389" count="0" type="stmt"/>
        <line num="1392" count="0" type="stmt"/>
        <line num="1393" count="0" type="stmt"/>
        <line num="1394" count="0" type="stmt"/>
        <line num="1399" count="72" type="stmt"/>
        <line num="1403" count="72" type="stmt"/>
        <line num="1409" count="88" type="stmt"/>
        <line num="1410" count="72" type="stmt"/>
        <line num="1414" count="88" type="stmt"/>
        <line num="1415" count="34" type="stmt"/>
        <line num="1418" count="88" type="stmt"/>
        <line num="1419" count="88" type="stmt"/>
        <line num="1422" count="216" type="cond" truecount="2" falsecount="2"/>
        <line num="1424" count="288" type="cond" truecount="4" falsecount="2"/>
        <line num="1425" count="88" type="cond" truecount="1" falsecount="1"/>
        <line num="1426" count="88" type="stmt"/>
        <line num="1427" count="352" type="cond" truecount="4" falsecount="0"/>
        <line num="1432" count="352" type="stmt"/>
        <line num="1433" count="352" type="stmt"/>
        <line num="1436" count="52" type="stmt"/>
        <line num="1437" count="52" type="stmt"/>
        <line num="1438" count="152" type="stmt"/>
        <line num="1439" count="152" type="cond" truecount="3" falsecount="1"/>
        <line num="1441" count="52" type="cond" truecount="4" falsecount="0"/>
        <line num="1442" count="52" type="stmt"/>
        <line num="1443" count="52" type="stmt"/>
        <line num="1444" count="52" type="stmt"/>
        <line num="1447" count="72" type="stmt"/>
        <line num="1448" count="318" type="stmt"/>
        <line num="1449" count="438" type="cond" truecount="9" falsecount="4"/>
        <line num="1451" count="72" type="cond" truecount="6" falsecount="2"/>
        <line num="1452" count="72" type="cond" truecount="1" falsecount="2"/>
        <line num="1454" count="72" type="stmt"/>
        <line num="1455" count="72" type="stmt"/>
        <line num="1456" count="0" type="stmt"/>
        <line num="1459" count="72" type="stmt"/>
        <line num="1460" count="72" type="stmt"/>
        <line num="1461" count="72" type="stmt"/>
        <line num="1462" count="72" type="stmt"/>
        <line num="1463" count="72" type="stmt"/>
        <line num="1464" count="72" type="stmt"/>
        <line num="1465" count="72" type="stmt"/>
        <line num="1466" count="72" type="stmt"/>
        <line num="1469" count="72" type="stmt"/>
        <line num="1470" count="72" type="stmt"/>
        <line num="1471" count="72" type="stmt"/>
        <line num="1472" count="72" type="stmt"/>
        <line num="1476" count="72" type="stmt"/>
        <line num="1477" count="72" type="stmt"/>
        <line num="1478" count="72" type="stmt"/>
        <line num="1479" count="72" type="stmt"/>
        <line num="1482" count="70" type="stmt"/>
        <line num="1483" count="70" type="stmt"/>
        <line num="1484" count="70" type="stmt"/>
        <line num="1485" count="70" type="stmt"/>
        <line num="1487" count="70" type="cond" truecount="1" falsecount="1"/>
        <line num="1488" count="70" type="stmt"/>
        <line num="1489" count="70" type="stmt"/>
        <line num="1492" count="0" type="stmt"/>
        <line num="1494" count="0" type="cond" truecount="0" falsecount="2"/>
        <line num="1495" count="0" type="stmt"/>
        <line num="1496" count="0" type="stmt"/>
        <line num="1499" count="0" type="stmt"/>
        <line num="1500" count="0" type="stmt"/>
        <line num="1506" count="0" type="stmt"/>
        <line num="1509" count="0" type="cond" truecount="0" falsecount="2"/>
        <line num="1510" count="0" type="stmt"/>
        <line num="1511" count="0" type="stmt"/>
        <line num="1514" count="0" type="stmt"/>
        <line num="1517" count="0" type="stmt"/>
        <line num="1520" count="70" type="cond" truecount="2" falsecount="0"/>
        <line num="1521" count="36" type="stmt"/>
        <line num="1522" count="36" type="stmt"/>
        <line num="1525" count="34" type="stmt"/>
        <line num="1527" count="34" type="cond" truecount="1" falsecount="1"/>
        <line num="1528" count="0" type="stmt"/>
        <line num="1529" count="0" type="stmt"/>
        <line num="1532" count="34" type="stmt"/>
        <line num="1533" count="34" type="stmt"/>
        <line num="1539" count="34" type="stmt"/>
        <line num="1542" count="34" type="cond" truecount="2" falsecount="0"/>
        <line num="1543" count="14" type="stmt"/>
        <line num="1544" count="14" type="stmt"/>
        <line num="1547" count="20" type="stmt"/>
        <line num="1550" count="14" type="stmt"/>
        <line num="1553" count="36" type="stmt"/>
        <line num="1557" count="70" type="stmt"/>
        <line num="1563" count="52" type="stmt"/>
        <line num="1564" count="72" type="stmt"/>
        <line num="1569" count="50" type="stmt"/>
        <line num="1570" count="50" type="stmt"/>
        <line num="1574" count="50" type="stmt"/>
        <line num="1580" count="352" type="stmt"/>
        <line num="1581" count="52" type="stmt"/>
        <line num="1585" count="352" type="stmt"/>
        <line num="1587" count="88" type="stmt"/>
        <line num="1589" count="88" type="stmt"/>
        <line num="1590" count="88" type="stmt"/>
        <line num="1592" count="88" type="stmt"/>
        <line num="1594" count="88" type="stmt"/>
      </file>
      <file name="enterprise-fetch.esm.js" path="C:\dev\enterprise-fetch\dist\client\enterprise-fetch.esm.js">
        <metrics statements="283" coveredstatements="182" conditionals="171" coveredconditionals="98" methods="54" coveredmethods="38"/>
        <line num="1" count="88" type="stmt"/>
        <line num="4" count="88" type="cond" truecount="3" falsecount="2"/>
        <line num="6" count="88" type="stmt"/>
        <line num="9" count="58" type="cond" truecount="1" falsecount="1"/>
        <line num="10" count="0" type="stmt"/>
        <line num="17" count="58" type="stmt"/>
        <line num="20" count="58" type="stmt"/>
        <line num="24" count="1758" type="stmt"/>
        <line num="26" count="1758" type="cond" truecount="1" falsecount="1"/>
        <line num="27" count="1758" type="stmt"/>
        <line num="28" count="1758" type="cond" truecount="1" falsecount="1"/>
        <line num="29" count="0" type="stmt"/>
        <line num="31" count="1758" type="stmt"/>
        <line num="34" count="1758" type="stmt"/>
        <line num="38" count="1758" type="stmt"/>
        <line num="39" count="2344" type="cond" truecount="1" falsecount="1"/>
        <line num="41" count="2344" type="cond" truecount="2" falsecount="0"/>
        <line num="42" count="1758" type="stmt"/>
        <line num="43" count="58" type="stmt"/>
        <line num="45" count="586" type="cond" truecount="1" falsecount="1"/>
        <line num="46" count="586" type="stmt"/>
        <line num="48" count="0" type="stmt"/>
        <line num="49" count="0" type="stmt"/>
        <line num="54" count="1758" type="stmt"/>
        <line num="58" count="586" type="cond" truecount="1" falsecount="1"/>
        <line num="59" count="586" type="stmt"/>
        <line num="60" count="586" type="stmt"/>
        <line num="63" count="586" type="stmt"/>
        <line num="64" count="466" type="stmt"/>
        <line num="65" count="466" type="cond" truecount="2" falsecount="0"/>
        <line num="66" count="58" type="stmt"/>
        <line num="69" count="586" type="stmt"/>
        <line num="73" count="586" type="cond" truecount="1" falsecount="1"/>
        <line num="75" count="586" type="stmt"/>
        <line num="79" count="586" type="cond" truecount="1" falsecount="1"/>
        <line num="80" count="586" type="stmt"/>
        <line num="82" count="586" type="stmt"/>
        <line num="83" count="0" type="stmt"/>
        <line num="84" count="0" type="cond" truecount="0" falsecount="2"/>
        <line num="85" count="0" type="cond" truecount="0" falsecount="2"/>
        <line num="86" count="0" type="stmt"/>
        <line num="90" count="586" type="stmt"/>
        <line num="94" count="265" type="stmt"/>
        <line num="95" count="530" type="stmt"/>
        <line num="102" count="265" type="stmt"/>
        <line num="106" count="265" type="cond" truecount="3" falsecount="1"/>
        <line num="107" count="0" type="stmt"/>
        <line num="110" count="265" type="cond" truecount="1" falsecount="1"/>
        <line num="111" count="0" type="stmt"/>
        <line num="114" count="265" type="cond" truecount="1" falsecount="1"/>
        <line num="115" count="0" type="stmt"/>
        <line num="116" count="0" type="stmt"/>
        <line num="119" count="265" type="cond" truecount="1" falsecount="1"/>
        <line num="120" count="265" type="stmt"/>
        <line num="123" count="265" type="stmt"/>
        <line num="124" count="265" type="stmt"/>
        <line num="126" count="0" type="stmt"/>
        <line num="127" count="0" type="stmt"/>
        <line num="129" count="0" type="stmt"/>
        <line num="131" count="0" type="stmt"/>
        <line num="133" count="0" type="stmt"/>
        <line num="137" count="88" type="stmt"/>
        <line num="140" count="88" type="stmt"/>
        <line num="141" count="88" type="stmt"/>
        <line num="146" count="322" type="cond" truecount="1" falsecount="1"/>
        <line num="147" count="0" type="stmt"/>
        <line num="150" count="322" type="stmt"/>
        <line num="151" count="322" type="stmt"/>
        <line num="152" count="322" type="cond" truecount="1" falsecount="1"/>
        <line num="153" count="322" type="cond" truecount="3" falsecount="0"/>
        <line num="154" count="322" type="stmt"/>
        <line num="155" count="322" type="stmt"/>
        <line num="156" count="322" type="stmt"/>
        <line num="157" count="322" type="stmt"/>
        <line num="158" count="322" type="stmt"/>
        <line num="159" count="322" type="stmt"/>
        <line num="160" count="322" type="stmt"/>
        <line num="162" count="322" type="cond" truecount="1" falsecount="1"/>
        <line num="163" count="0" type="stmt"/>
        <line num="166" count="88" type="stmt"/>
        <line num="168" count="88" type="stmt"/>
        <line num="169" count="0" type="stmt"/>
        <line num="170" count="0" type="stmt"/>
        <line num="173" count="88" type="stmt"/>
        <line num="174" count="0" type="cond" truecount="0" falsecount="2"/>
        <line num="175" count="0" type="stmt"/>
        <line num="178" count="0" type="stmt"/>
        <line num="179" count="0" type="stmt"/>
        <line num="182" count="88" type="stmt"/>
        <line num="183" count="265" type="cond" truecount="1" falsecount="1"/>
        <line num="184" count="0" type="stmt"/>
        <line num="187" count="265" type="cond" truecount="1" falsecount="1"/>
        <line num="188" count="0" type="stmt"/>
        <line num="190" count="265" type="stmt"/>
        <line num="191" count="265" type="cond" truecount="3" falsecount="1"/>
        <line num="192" count="0" type="stmt"/>
        <line num="193" count="0" type="stmt"/>
        <line num="196" count="265" type="stmt"/>
        <line num="198" count="265" type="stmt"/>
        <line num="199" count="265" type="cond" truecount="1" falsecount="1"/>
        <line num="200" count="0" type="cond" truecount="0" falsecount="2"/>
        <line num="202" count="0" type="stmt"/>
        <line num="203" count="0" type="stmt"/>
        <line num="204" count="0" type="stmt"/>
        <line num="206" count="0" type="stmt"/>
        <line num="210" count="265" type="stmt"/>
        <line num="211" count="265" type="stmt"/>
        <line num="212" count="264" type="stmt"/>
        <line num="214" count="264" type="cond" truecount="1" falsecount="1"/>
        <line num="215" count="0" type="stmt"/>
        <line num="216" count="0" type="stmt"/>
        <line num="219" count="0" type="cond" truecount="0" falsecount="2"/>
        <line num="220" count="0" type="stmt"/>
        <line num="224" count="264" type="stmt"/>
        <line num="227" count="265" type="cond" truecount="1" falsecount="1"/>
        <line num="228" count="0" type="stmt"/>
        <line num="231" count="265" type="stmt"/>
        <line num="234" count="88" type="stmt"/>
        <line num="235" count="322" type="stmt"/>
        <line num="237" count="322" type="cond" truecount="1" falsecount="1"/>
        <line num="238" count="0" type="cond" truecount="0" falsecount="2"/>
        <line num="239" count="0" type="stmt"/>
        <line num="241" count="0" type="cond" truecount="0" falsecount="2"/>
        <line num="242" count="0" type="stmt"/>
        <line num="246" count="322" type="stmt"/>
        <line num="247" count="322" type="cond" truecount="1" falsecount="1"/>
        <line num="248" count="0" type="stmt"/>
        <line num="249" count="0" type="stmt"/>
        <line num="253" count="322" type="stmt"/>
        <line num="255" count="322" type="stmt"/>
        <line num="258" count="88" type="stmt"/>
        <line num="259" count="0" type="stmt"/>
        <line num="260" count="0" type="stmt"/>
        <line num="263" count="88" type="stmt"/>
        <line num="264" count="0" type="stmt"/>
        <line num="265" count="0" type="stmt"/>
        <line num="268" count="88" type="stmt"/>
        <line num="270" count="88" type="stmt"/>
        <line num="271" count="0" type="stmt"/>
        <line num="274" count="88" type="stmt"/>
        <line num="275" count="0" type="stmt"/>
        <line num="278" count="88" type="stmt"/>
        <line num="279" count="0" type="cond" truecount="0" falsecount="2"/>
        <line num="280" count="0" type="stmt"/>
        <line num="283" count="0" type="stmt"/>
        <line num="284" count="0" type="stmt"/>
        <line num="285" count="0" type="stmt"/>
        <line num="287" count="0" type="stmt"/>
        <line num="288" count="0" type="stmt"/>
        <line num="289" count="0" type="stmt"/>
        <line num="290" count="0" type="cond" truecount="0" falsecount="2"/>
        <line num="292" count="0" type="stmt"/>
        <line num="294" count="0" type="cond" truecount="0" falsecount="2"/>
        <line num="295" count="0" type="stmt"/>
        <line num="296" count="0" type="stmt"/>
        <line num="300" count="0" type="stmt"/>
        <line num="303" count="88" type="stmt"/>
        <line num="304" count="88" type="stmt"/>
        <line num="305" count="322" type="stmt"/>
        <line num="306" count="322" type="stmt"/>
        <line num="313" count="88" type="stmt"/>
        <line num="314" count="322" type="cond" truecount="1" falsecount="1"/>
        <line num="315" count="0" type="stmt"/>
        <line num="318" count="322" type="stmt"/>
        <line num="325" count="322" type="stmt"/>
        <line num="326" count="496" type="stmt"/>
        <line num="329" count="322" type="cond" truecount="1" falsecount="1"/>
        <line num="330" count="0" type="stmt"/>
        <line num="333" count="322" type="stmt"/>
        <line num="334" count="322" type="stmt"/>
        <line num="335" count="1728" type="stmt"/>
        <line num="338" count="322" type="cond" truecount="3" falsecount="2"/>
        <line num="339" count="0" type="stmt"/>
        <line num="343" count="322" type="stmt"/>
        <line num="344" count="1406" type="stmt"/>
        <line num="347" count="322" type="stmt"/>
        <line num="350" count="88" type="stmt"/>
        <line num="351" count="1728" type="cond" truecount="1" falsecount="1"/>
        <line num="355" count="1728" type="stmt"/>
        <line num="356" count="1728" type="stmt"/>
        <line num="358" count="1728" type="stmt"/>
        <line num="361" count="88" type="stmt"/>
        <line num="362" count="0" type="cond" truecount="0" falsecount="2"/>
        <line num="363" count="0" type="stmt"/>
        <line num="364" count="0" type="stmt"/>
        <line num="367" count="0" type="cond" truecount="0" falsecount="2"/>
        <line num="368" count="0" type="stmt"/>
        <line num="369" count="0" type="stmt"/>
        <line num="370" count="0" type="cond" truecount="0" falsecount="2"/>
        <line num="371" count="0" type="stmt"/>
        <line num="376" count="0" type="stmt"/>
        <line num="377" count="0" type="stmt"/>
        <line num="378" count="0" type="stmt"/>
        <line num="380" count="0" type="stmt"/>
        <line num="381" count="0" type="stmt"/>
        <line num="382" count="0" type="stmt"/>
        <line num="383" count="0" type="stmt"/>
        <line num="385" count="0" type="stmt"/>
        <line num="386" count="0" type="cond" truecount="0" falsecount="2"/>
        <line num="387" count="0" type="stmt"/>
        <line num="389" count="0" type="cond" truecount="0" falsecount="2"/>
        <line num="390" count="0" type="stmt"/>
        <line num="392" count="0" type="stmt"/>
        <line num="395" count="0" type="stmt"/>
        <line num="396" count="0" type="stmt"/>
        <line num="399" count="0" type="stmt"/>
        <line num="404" count="88" type="stmt"/>
        <line num="406" count="88" type="stmt"/>
        <line num="409" count="552" type="cond" truecount="3" falsecount="0"/>
        <line num="416" count="322" type="cond" truecount="2" falsecount="2"/>
        <line num="418" count="0" type="stmt"/>
        <line num="419" count="0" type="stmt"/>
        <line num="420" count="0" type="stmt"/>
        <line num="423" count="322" type="stmt"/>
        <line num="425" count="322" type="stmt"/>
        <line num="426" count="322" type="stmt"/>
        <line num="427" count="586" type="stmt"/>
        <line num="429" count="586" type="stmt"/>
        <line num="430" count="265" type="cond" truecount="1" falsecount="1"/>
        <line num="431" count="0" type="stmt"/>
        <line num="434" count="265" type="stmt"/>
        <line num="438" count="287" type="cond" truecount="2" falsecount="0"/>
        <line num="439" count="265" type="stmt"/>
        <line num="441" count="265" type="cond" truecount="2" falsecount="2"/>
        <line num="442" count="265" type="stmt"/>
        <line num="446" count="22" type="stmt"/>
        <line num="452" count="88" type="stmt"/>
        <line num="458" count="88" type="cond" truecount="1" falsecount="1"/>
        <line num="463" count="88" type="stmt"/>
        <line num="464" count="88" type="stmt"/>
        <line num="465" count="88" type="stmt"/>
        <line num="466" count="88" type="stmt"/>
        <line num="467" count="88" type="stmt"/>
        <line num="475" count="586" type="stmt"/>
        <line num="476" count="508" type="stmt"/>
        <line num="478" count="69" type="cond" truecount="1" falsecount="1"/>
        <line num="479" count="0" type="stmt"/>
        <line num="481" count="69" type="stmt"/>
        <line num="485" count="88" type="stmt"/>
        <line num="503" count="345" type="stmt"/>
        <line num="505" count="345" type="cond" truecount="2" falsecount="0"/>
        <line num="506" count="245" type="stmt"/>
        <line num="507" count="245" type="cond" truecount="2" falsecount="0"/>
        <line num="510" count="245" type="cond" truecount="4" falsecount="1"/>
        <line num="511" count="245" type="stmt"/>
        <line num="515" count="100" type="stmt"/>
        <line num="520" count="88" type="stmt"/>
        <line num="521" count="586" type="cond" truecount="2" falsecount="1"/>
        <line num="523" count="586" type="cond" truecount="1" falsecount="1"/>
        <line num="524" count="0" type="stmt"/>
        <line num="525" count="0" type="stmt"/>
        <line num="528" count="0" type="stmt"/>
        <line num="529" count="0" type="stmt"/>
        <line num="534" count="586" type="stmt"/>
        <line num="537" count="379" type="stmt"/>
        <line num="539" count="88" type="stmt"/>
        <line num="541" count="88" type="cond" truecount="1" falsecount="1"/>
        <line num="542" count="88" type="cond" truecount="1" falsecount="0"/>
        <line num="546" count="352" type="cond" truecount="1" falsecount="0"/>
        <line num="547" count="322" type="stmt"/>
        <line num="552" count="586" type="stmt"/>
        <line num="553" count="586" type="stmt"/>
        <line num="555" count="586" type="cond" truecount="3" falsecount="0"/>
        <line num="557" count="586" type="stmt"/>
        <line num="558" count="586" type="stmt"/>
        <line num="559" count="123" type="stmt"/>
        <line num="562" count="586" type="stmt"/>
        <line num="567" count="577" type="cond" truecount="2" falsecount="0"/>
        <line num="568" count="69" type="cond" truecount="4" falsecount="0"/>
        <line num="572" count="47" type="stmt"/>
        <line num="575" count="22" type="stmt"/>
        <line num="578" count="508" type="cond" truecount="2" falsecount="0"/>
        <line num="579" count="310" type="cond" truecount="4" falsecount="0"/>
        <line num="583" count="218" type="stmt"/>
        <line num="586" count="92" type="stmt"/>
        <line num="589" count="198" type="stmt"/>
        <line num="591" count="290" type="stmt"/>
        <line num="594" count="352" type="stmt"/>
        <line num="596" count="88" type="stmt"/>
        <line num="598" count="88" type="stmt"/>
        <line num="599" count="88" type="stmt"/>
        <line num="601" count="88" type="stmt"/>
        <line num="603" count="88" type="stmt"/>
      </file>
    </package>
  </project>
</coverage>
