{"total": {"lines":{"total":1032,"covered":599,"skipped":0,"pct":58.04},"statements":{"total":1098,"covered":629,"skipped":0,"pct":57.29},"functions":{"total":193,"covered":118,"skipped":0,"pct":61.14},"branches":{"total":648,"covered":292,"skipped":0,"pct":45.06}}
,"C:\\dev\\enterprise-fetch\\dist\\enterprise-fetch.esm.js": {"lines":{"total":40,"covered":40,"skipped":0,"pct":100},"functions":{"total":8,"covered":8,"skipped":0,"pct":100},"statements":{"total":44,"covered":44,"skipped":0,"pct":100},"branches":{"total":41,"covered":40,"skipped":0,"pct":97.56}}
,"C:\\dev\\enterprise-fetch\\dist\\client\\enterprise-fetch.cjs.js": {"lines":{"total":709,"covered":384,"skipped":0,"pct":54.16},"functions":{"total":131,"covered":74,"skipped":0,"pct":56.49},"statements":{"total":757,"covered":403,"skipped":0,"pct":53.24},"branches":{"total":436,"covered":162,"skipped":0,"pct":37.16}}
,"C:\\dev\\enterprise-fetch\\dist\\client\\enterprise-fetch.esm.js": {"lines":{"total":283,"covered":175,"skipped":0,"pct":61.84},"functions":{"total":54,"covered":36,"skipped":0,"pct":66.67},"statements":{"total":297,"covered":182,"skipped":0,"pct":61.28},"branches":{"total":171,"covered":90,"skipped":0,"pct":52.63}}
}
