{"total": {"lines":{"total":1032,"covered":606,"skipped":0,"pct":58.72},"statements":{"total":1098,"covered":637,"skipped":0,"pct":58.01},"functions":{"total":193,"covered":120,"skipped":0,"pct":62.18},"branches":{"total":648,"covered":300,"skipped":0,"pct":46.3}}
,"C:\\dev\\enterprise-fetch\\dist\\enterprise-fetch.esm.js": {"lines":{"total":40,"covered":40,"skipped":0,"pct":100},"functions":{"total":8,"covered":8,"skipped":0,"pct":100},"statements":{"total":44,"covered":44,"skipped":0,"pct":100},"branches":{"total":41,"covered":40,"skipped":0,"pct":97.56}}
,"C:\\dev\\enterprise-fetch\\dist\\client\\enterprise-fetch.cjs.js": {"lines":{"total":709,"covered":384,"skipped":0,"pct":54.16},"functions":{"total":131,"covered":74,"skipped":0,"pct":56.49},"statements":{"total":757,"covered":403,"skipped":0,"pct":53.24},"branches":{"total":436,"covered":162,"skipped":0,"pct":37.16}}
,"C:\\dev\\enterprise-fetch\\dist\\client\\enterprise-fetch.esm.js": {"lines":{"total":283,"covered":182,"skipped":0,"pct":64.31},"functions":{"total":54,"covered":38,"skipped":0,"pct":70.37},"statements":{"total":297,"covered":190,"skipped":0,"pct":63.97},"branches":{"total":171,"covered":98,"skipped":0,"pct":57.31}}
}
