TN:
SF:dist\enterprise-fetch.esm.js
FN:17,(anonymous_0)
FN:41,(anonymous_1)
FN:58,(anonymous_2)
FN:60,(anonymous_3)
FN:63,(anonymous_4)
FN:67,(anonymous_5)
FN:68,(anonymous_6)
FN:78,(anonymous_7)
FNF:8
FNH:8
FNDA:66,(anonymous_0)
FNDA:72,(anonymous_1)
FNDA:66,(anonymous_2)
FNDA:2,(anonymous_3)
FNDA:6,(anonymous_4)
FNDA:30,(anonymous_5)
FNDA:72,(anonymous_6)
FNDA:36,(anonymous_7)
DA:6,2
DA:24,66
DA:26,66
DA:27,48
DA:28,48
DA:31,48
DA:32,42
DA:36,24
DA:41,2
DA:42,72
DA:44,72
DA:45,24
DA:46,24
DA:49,24
DA:50,24
DA:55,48
DA:58,66
DA:60,2
DA:62,2
DA:63,2
DA:67,6
DA:68,30
DA:74,72
DA:75,72
DA:77,72
DA:78,72
DA:79,36
DA:82,72
DA:90,72
DA:91,24
DA:95,18
DA:98,6
DA:101,48
DA:102,42
DA:106,24
DA:109,18
DA:112,6
DA:114,24
DA:117,6
DA:119,2
LF:40
LH:40
BRDA:23,0,0,54
BRDA:26,1,0,48
BRDA:26,1,1,18
BRDA:28,2,0,18
BRDA:28,2,1,30
BRDA:31,3,0,42
BRDA:31,3,1,6
BRDA:31,4,0,48
BRDA:31,4,1,30
BRDA:31,4,2,30
BRDA:42,5,0,72
BRDA:42,5,1,72
BRDA:42,5,2,48
BRDA:44,6,0,24
BRDA:44,6,1,48
BRDA:62,7,0,2
BRDA:62,7,1,0
BRDA:63,8,0,2
BRDA:67,9,0,18
BRDA:70,10,0,60
BRDA:71,11,0,36
BRDA:72,12,0,72
BRDA:72,13,0,72
BRDA:72,13,1,24
BRDA:75,14,0,72
BRDA:75,14,1,12
BRDA:75,14,2,12
BRDA:90,15,0,24
BRDA:90,15,1,48
BRDA:91,16,0,18
BRDA:91,16,1,6
BRDA:91,17,0,24
BRDA:91,17,1,24
BRDA:101,18,0,42
BRDA:101,18,1,6
BRDA:102,19,0,24
BRDA:102,19,1,18
BRDA:102,20,0,42
BRDA:102,20,1,42
BRDA:113,21,0,30
BRDA:113,21,1,24
BRF:41
BRH:40
end_of_record
TN:
SF:dist\client\enterprise-fetch.cjs.js
FN:1,(anonymous_0)
FN:4,_interopDefaultLegacy
FN:8,_defineProperty
FN:23,_arrayWithHoles
FN:27,_iterableToArrayLimit
FN:54,_arrayLikeToArray
FN:64,_unsupportedIterableToArray
FN:73,_nonIterableRest
FN:77,_slicedToArray
FN:81,_objectWithoutPropertiesLoose
FN:96,_objectWithoutProperties
FN:115,asyncGeneratorStep
FN:131,_asyncToGenerator
FN:132,(anonymous_13)
FN:135,(anonymous_14)
FN:138,_next
FN:142,_throw
FN:151,createCommonjsModule
FN:163,(anonymous_18)
FN:164,(anonymous_19)
FN:174,define
FN:187,(anonymous_21)
FN:192,wrap
FN:216,tryCatch
FN:237,Generator
FN:238,GeneratorFunction
FN:239,GeneratorFunctionPrototype
FN:244,(anonymous_27)
FN:270,defineIteratorMethods
FN:271,(anonymous_29)
FN:272,(anonymous_30)
FN:278,(anonymous_31)
FN:288,(anonymous_32)
FN:303,(anonymous_33)
FN:307,AsyncIterator
FN:308,invoke
FN:318,(anonymous_36)
FN:320,(anonymous_37)
FN:325,(anonymous_38)
FN:331,(anonymous_39)
FN:341,enqueue
FN:342,callInvokeWithMethodAndArg
FN:343,(anonymous_42)
FN:375,(anonymous_43)
FN:383,(anonymous_44)
FN:393,(anonymous_45)
FN:398,makeInvokeMethod
FN:401,invoke
FN:480,maybeInvokeDelegate
FN:570,(anonymous_49)
FN:574,(anonymous_50)
FN:578,pushTryEntry
FN:593,resetTryEntry
FN:600,Context
FN:609,(anonymous_54)
FN:618,next
FN:636,values
FN:648,next
FN:672,doneResult
FN:679,(anonymous_59)
FN:705,(anonymous_60)
FN:717,(anonymous_61)
FN:723,handle
FN:777,(anonymous_63)
FN:811,(anonymous_64)
FN:830,(anonymous_65)
FN:841,(anonymous_66)
FN:859,(anonymous_67)
FN:908,_typeof
FN:912,_typeof
FN:916,_typeof
FN:924,assign
FN:936,createError
FN:960,ErrClass
FN:969,RetryOperation
FN:993,(anonymous_75)
FN:998,(anonymous_76)
FN:1007,(anonymous_77)
FN:1036,(anonymous_78)
FN:1040,(anonymous_79)
FN:1059,(anonymous_80)
FN:1073,(anonymous_81)
FN:1083,(anonymous_82)
FN:1088,(anonymous_83)
FN:1095,(anonymous_84)
FN:1099,(anonymous_85)
FN:1103,(anonymous_86)
FN:1128,(anonymous_87)
FN:1129,(anonymous_88)
FN:1138,(anonymous_89)
FN:1168,(anonymous_90)
FN:1175,(anonymous_91)
FN:1186,(anonymous_92)
FN:1205,retryWrapper
FN:1210,(anonymous_94)
FN:1220,(anonymous_95)
FN:1233,isRetryError
FN:1237,promiseRetry
FN:1250,(anonymous_98)
FN:1251,(anonymous_99)
FN:1253,(anonymous_100)
FN:1254,(anonymous_101)
FN:1262,(anonymous_102)
FN:1301,to
FN:1303,(anonymous_104)
FN:1304,(anonymous_105)
FN:1323,(anonymous_106)
FN:1324,_callee
FN:1327,_callee$
FN:1362,doRetry
FN:1371,(anonymous_110)
FN:1372,_callee
FN:1375,_callee$
FN:1409,proxyAgent
FN:1414,isFunc
FN:1418,isClient
FN:1422,ownKeys
FN:1422,(anonymous_117)
FN:1424,_objectSpread
FN:1424,(anonymous_119)
FN:1424,(anonymous_120)
FN:1426,fetchWithDefaults
FN:1432,(anonymous_122)
FN:1433,_callee2
FN:1437,_callee2$
FN:1443,(anonymous_125)
FN:1444,_callee
FN:1447,_callee$
FN:1455,(anonymous_128)
FN:1563,(anonymous_129)
FN:1580,enterpriseFetch
FNF:131
FNH:74
FNDA:88,(anonymous_0)
FNDA:88,_interopDefaultLegacy
FNDA:10,_defineProperty
FNDA:70,_arrayWithHoles
FNDA:0,_iterableToArrayLimit
FNDA:0,_arrayLikeToArray
FNDA:0,_unsupportedIterableToArray
FNDA:0,_nonIterableRest
FNDA:70,_slicedToArray
FNDA:72,_objectWithoutPropertiesLoose
FNDA:72,_objectWithoutProperties
FNDA:422,asyncGeneratorStep
FNDA:580,_asyncToGenerator
FNDA:196,(anonymous_13)
FNDA:196,(anonymous_14)
FNDA:422,_next
FNDA:0,_throw
FNDA:176,createCommonjsModule
FNDA:88,(anonymous_18)
FNDA:88,(anonymous_19)
FNDA:792,define
FNDA:0,(anonymous_21)
FNDA:196,wrap
FNDA:614,tryCatch
FNDA:0,Generator
FNDA:0,GeneratorFunction
FNDA:0,GeneratorFunctionPrototype
FNDA:0,(anonymous_27)
FNDA:176,defineIteratorMethods
FNDA:528,(anonymous_29)
FNDA:422,(anonymous_30)
FNDA:0,(anonymous_31)
FNDA:580,(anonymous_32)
FNDA:0,(anonymous_33)
FNDA:0,AsyncIterator
FNDA:0,invoke
FNDA:0,(anonymous_36)
FNDA:0,(anonymous_37)
FNDA:0,(anonymous_38)
FNDA:0,(anonymous_39)
FNDA:0,enqueue
FNDA:0,callInvokeWithMethodAndArg
FNDA:0,(anonymous_42)
FNDA:0,(anonymous_43)
FNDA:0,(anonymous_44)
FNDA:0,(anonymous_45)
FNDA:196,makeInvokeMethod
FNDA:422,invoke
FNDA:0,maybeInvokeDelegate
FNDA:0,(anonymous_49)
FNDA:0,(anonymous_50)
FNDA:0,pushTryEntry
FNDA:196,resetTryEntry
FNDA:196,Context
FNDA:0,(anonymous_54)
FNDA:0,next
FNDA:88,values
FNDA:0,next
FNDA:0,doneResult
FNDA:196,(anonymous_59)
FNDA:192,(anonymous_60)
FNDA:40,(anonymous_61)
FNDA:20,handle
FNDA:344,(anonymous_63)
FNDA:344,(anonymous_64)
FNDA:0,(anonymous_65)
FNDA:0,(anonymous_66)
FNDA:0,(anonymous_67)
FNDA:8,_typeof
FNDA:20,_typeof
FNDA:0,_typeof
FNDA:20,assign
FNDA:20,createError
FNDA:0,ErrClass
FNDA:52,RetryOperation
FNDA:0,(anonymous_75)
FNDA:0,(anonymous_76)
FNDA:20,(anonymous_77)
FNDA:20,(anonymous_78)
FNDA:0,(anonymous_79)
FNDA:52,(anonymous_80)
FNDA:0,(anonymous_81)
FNDA:0,(anonymous_82)
FNDA:0,(anonymous_83)
FNDA:0,(anonymous_84)
FNDA:0,(anonymous_85)
FNDA:0,(anonymous_86)
FNDA:88,(anonymous_87)
FNDA:52,(anonymous_88)
FNDA:52,(anonymous_89)
FNDA:8,(anonymous_90)
FNDA:60,(anonymous_91)
FNDA:0,(anonymous_92)
FNDA:0,retryWrapper
FNDA:0,(anonymous_94)
FNDA:0,(anonymous_95)
FNDA:40,isRetryError
FNDA:52,promiseRetry
FNDA:52,(anonymous_98)
FNDA:72,(anonymous_99)
FNDA:72,(anonymous_100)
FNDA:20,(anonymous_101)
FNDA:20,(anonymous_102)
FNDA:72,to
FNDA:70,(anonymous_104)
FNDA:0,(anonymous_105)
FNDA:88,(anonymous_106)
FNDA:0,_callee
FNDA:0,_callee$
FNDA:0,doRetry
FNDA:88,(anonymous_110)
FNDA:72,_callee
FNDA:144,_callee$
FNDA:72,proxyAgent
FNDA:34,isFunc
FNDA:88,isClient
FNDA:216,ownKeys
FNDA:0,(anonymous_117)
FNDA:216,_objectSpread
FNDA:10,(anonymous_119)
FNDA:0,(anonymous_120)
FNDA:352,fetchWithDefaults
FNDA:352,(anonymous_122)
FNDA:52,_callee2
FNDA:152,_callee2$
FNDA:52,(anonymous_125)
FNDA:72,_callee
FNDA:318,_callee$
FNDA:0,(anonymous_128)
FNDA:72,(anonymous_129)
FNDA:52,enterpriseFetch
DA:1,88
DA:4,88
DA:6,88
DA:9,10
DA:10,0
DA:17,10
DA:20,10
DA:24,70
DA:28,0
DA:29,0
DA:30,0
DA:31,0
DA:32,0
DA:34,0
DA:35,0
DA:36,0
DA:38,0
DA:41,0
DA:42,0
DA:44,0
DA:45,0
DA:47,0
DA:51,0
DA:55,0
DA:57,0
DA:58,0
DA:61,0
DA:65,0
DA:66,0
DA:67,0
DA:68,0
DA:69,0
DA:70,0
DA:74,0
DA:78,70
DA:82,72
DA:83,72
DA:84,72
DA:87,72
DA:88,50
DA:89,50
DA:90,10
DA:93,72
DA:97,72
DA:98,72
DA:101,72
DA:102,72
DA:104,72
DA:105,0
DA:106,0
DA:107,0
DA:108,0
DA:112,72
DA:116,422
DA:117,422
DA:118,402
DA:120,20
DA:121,20
DA:124,402
DA:125,172
DA:127,230
DA:132,580
DA:133,196
DA:134,196
DA:135,196
DA:136,196
DA:139,422
DA:143,0
DA:146,196
DA:152,176
DA:153,176
DA:163,88
DA:164,88
DA:166,88
DA:167,88
DA:169,88
DA:170,88
DA:171,88
DA:172,88
DA:175,792
DA:181,792
DA:183,88
DA:185,88
DA:187,0
DA:188,0
DA:194,196
DA:195,196
DA:196,196
DA:200,196
DA:202,196
DA:204,88
DA:217,614
DA:218,614
DA:220,40
DA:224,88
DA:225,88
DA:226,88
DA:227,88
DA:231,88
DA:243,88
DA:244,88
DA:245,0
DA:248,88
DA:249,88
DA:250,88
DA:255,88
DA:258,88
DA:260,88
DA:261,88
DA:262,88
DA:271,176
DA:272,528
DA:273,422
DA:278,88
DA:279,0
DA:280,0
DA:288,88
DA:289,580
DA:290,580
DA:292,0
DA:293,0
DA:295,580
DA:296,580
DA:303,88
DA:304,0
DA:309,0
DA:310,0
DA:311,0
DA:313,0
DA:314,0
DA:315,0
DA:318,0
DA:319,0
DA:321,0
DA:325,0
DA:329,0
DA:330,0
DA:334,0
DA:343,0
DA:344,0
DA:348,0
DA:371,0
DA:374,88
DA:375,88
DA:376,0
DA:378,88
DA:383,88
DA:384,0
DA:386,0
DA:391,0
DA:394,0
DA:399,196
DA:401,196
DA:402,422
DA:403,0
DA:406,422
DA:407,0
DA:408,0
DA:413,0
DA:416,422
DA:417,422
DA:419,422
DA:420,634
DA:421,634
DA:422,0
DA:423,0
DA:424,0
DA:425,0
DA:429,634
DA:432,422
DA:434,212
DA:435,40
DA:436,0
DA:437,0
DA:440,40
DA:442,172
DA:443,172
DA:446,614
DA:448,614
DA:449,614
DA:452,574
DA:456,574
DA:457,172
DA:460,402
DA:465,40
DA:466,40
DA:469,40
DA:470,40
DA:481,0
DA:482,0
DA:485,0
DA:487,0
DA:489,0
DA:492,0
DA:493,0
DA:494,0
DA:496,0
DA:499,0
DA:503,0
DA:504,0
DA:508,0
DA:511,0
DA:513,0
DA:514,0
DA:515,0
DA:516,0
DA:517,0
DA:520,0
DA:522,0
DA:523,0
DA:524,0
DA:525,0
DA:526,0
DA:529,0
DA:532,0
DA:535,0
DA:543,0
DA:544,0
DA:545,0
DA:550,0
DA:555,0
DA:556,0
DA:561,88
DA:563,88
DA:570,88
DA:571,0
DA:574,88
DA:575,0
DA:579,0
DA:581,0
DA:582,0
DA:585,0
DA:586,0
DA:587,0
DA:590,0
DA:594,196
DA:595,196
DA:596,196
DA:597,196
DA:604,196
DA:605,196
DA:606,196
DA:609,88
DA:610,0
DA:611,0
DA:612,0
DA:614,0
DA:618,0
DA:619,0
DA:620,0
DA:621,0
DA:622,0
DA:623,0
DA:624,0
DA:631,0
DA:632,0
DA:637,88
DA:638,88
DA:639,88
DA:640,88
DA:643,0
DA:644,0
DA:647,0
DA:648,0
DA:649,0
DA:650,0
DA:651,0
DA:652,0
DA:653,0
DA:657,0
DA:658,0
DA:660,0
DA:663,0
DA:668,0
DA:670,88
DA:673,0
DA:676,88
DA:680,196
DA:681,196
DA:684,196
DA:685,196
DA:686,196
DA:688,196
DA:689,196
DA:691,196
DA:693,196
DA:694,0
DA:696,0
DA:699,0
DA:706,192
DA:708,192
DA:709,192
DA:710,192
DA:711,20
DA:714,172
DA:718,40
DA:719,20
DA:722,20
DA:724,20
DA:725,20
DA:726,20
DA:728,20
DA:731,0
DA:732,0
DA:735,20
DA:738,20
DA:739,20
DA:740,20
DA:742,20
DA:746,20
DA:749,0
DA:750,0
DA:751,0
DA:753,0
DA:754,0
DA:755,0
DA:756,0
DA:757,0
DA:760,0
DA:761,0
DA:762,0
DA:765,0
DA:766,0
DA:767,0
DA:771,0
DA:778,344
DA:779,344
DA:780,344
DA:783,0
DA:784,0
DA:788,344
DA:795,0
DA:798,344
DA:799,344
DA:800,344
DA:802,344
DA:803,0
DA:804,0
DA:805,0
DA:808,344
DA:812,344
DA:813,0
DA:816,344
DA:818,0
DA:819,344
DA:820,344
DA:821,344
DA:822,344
DA:823,0
DA:824,0
DA:827,344
DA:831,0
DA:832,0
DA:833,0
DA:834,0
DA:835,0
DA:836,0
DA:842,0
DA:843,0
DA:844,0
DA:845,0
DA:846,0
DA:847,0
DA:848,0
DA:850,0
DA:856,0
DA:860,0
DA:866,0
DA:869,0
DA:872,0
DA:880,88
DA:890,88
DA:891,88
DA:902,88
DA:906,88
DA:911,8
DA:912,8
DA:913,20
DA:916,0
DA:917,0
DA:921,8
DA:925,20
DA:926,40
DA:933,20
DA:937,20
DA:938,0
DA:941,20
DA:942,0
DA:945,20
DA:946,0
DA:947,0
DA:950,20
DA:951,20
DA:954,20
DA:955,20
DA:957,0
DA:958,0
DA:960,0
DA:962,0
DA:963,0
DA:967,88
DA:971,52
DA:972,0
DA:975,52
DA:976,52
DA:977,52
DA:978,52
DA:979,52
DA:980,52
DA:981,52
DA:982,52
DA:983,52
DA:984,52
DA:985,52
DA:987,52
DA:988,0
DA:991,88
DA:993,88
DA:994,0
DA:995,0
DA:998,88
DA:999,0
DA:1000,0
DA:1003,0
DA:1004,0
DA:1007,88
DA:1008,20
DA:1009,0
DA:1012,20
DA:1013,0
DA:1015,20
DA:1016,20
DA:1017,0
DA:1018,0
DA:1021,20
DA:1023,20
DA:1024,20
DA:1025,0
DA:1027,0
DA:1028,0
DA:1029,0
DA:1031,0
DA:1035,20
DA:1036,20
DA:1037,20
DA:1039,20
DA:1040,0
DA:1041,0
DA:1044,0
DA:1045,0
DA:1049,20
DA:1052,20
DA:1053,0
DA:1056,20
DA:1059,88
DA:1060,52
DA:1062,52
DA:1063,0
DA:1064,0
DA:1066,0
DA:1067,0
DA:1071,52
DA:1072,52
DA:1073,0
DA:1074,0
DA:1078,52
DA:1080,52
DA:1083,88
DA:1084,0
DA:1085,0
DA:1088,88
DA:1089,0
DA:1090,0
DA:1093,88
DA:1095,88
DA:1096,0
DA:1099,88
DA:1100,0
DA:1103,88
DA:1104,0
DA:1105,0
DA:1108,0
DA:1109,0
DA:1110,0
DA:1112,0
DA:1113,0
DA:1114,0
DA:1115,0
DA:1117,0
DA:1119,0
DA:1120,0
DA:1121,0
DA:1125,0
DA:1128,88
DA:1129,88
DA:1130,52
DA:1131,52
DA:1138,88
DA:1139,52
DA:1140,0
DA:1143,52
DA:1150,52
DA:1151,148
DA:1154,52
DA:1155,0
DA:1158,52
DA:1159,52
DA:1160,60
DA:1163,52
DA:1164,0
DA:1168,52
DA:1169,8
DA:1172,52
DA:1175,88
DA:1176,60
DA:1180,60
DA:1181,60
DA:1183,60
DA:1186,88
DA:1187,0
DA:1188,0
DA:1189,0
DA:1192,0
DA:1193,0
DA:1194,0
DA:1195,0
DA:1196,0
DA:1201,0
DA:1202,0
DA:1203,0
DA:1205,0
DA:1206,0
DA:1207,0
DA:1208,0
DA:1210,0
DA:1211,0
DA:1212,0
DA:1214,0
DA:1215,0
DA:1217,0
DA:1220,0
DA:1221,0
DA:1224,0
DA:1229,88
DA:1231,88
DA:1234,40
DA:1241,52
DA:1243,0
DA:1244,0
DA:1245,0
DA:1248,52
DA:1250,52
DA:1251,52
DA:1252,72
DA:1254,72
DA:1255,20
DA:1256,0
DA:1259,20
DA:1263,20
DA:1264,20
DA:1266,20
DA:1267,20
DA:1271,0
DA:1277,88
DA:1282,88
DA:1285,88
DA:1286,88
DA:1290,88
DA:1291,88
DA:1292,88
DA:1293,88
DA:1294,88
DA:1302,72
DA:1303,70
DA:1305,0
DA:1306,0
DA:1308,0
DA:1312,88
DA:1324,88
DA:1327,0
DA:1328,0
DA:1329,0
DA:1331,0
DA:1333,0
DA:1335,0
DA:1336,0
DA:1337,0
DA:1340,0
DA:1341,0
DA:1344,0
DA:1345,0
DA:1346,0
DA:1349,0
DA:1352,0
DA:1356,0
DA:1363,0
DA:1366,88
DA:1371,88
DA:1372,88
DA:1375,72
DA:1376,144
DA:1377,216
DA:1379,72
DA:1381,72
DA:1382,72
DA:1383,72
DA:1386,0
DA:1387,0
DA:1388,0
DA:1389,0
DA:1392,0
DA:1393,0
DA:1394,0
DA:1399,72
DA:1403,72
DA:1409,88
DA:1410,72
DA:1414,88
DA:1415,34
DA:1418,88
DA:1419,88
DA:1422,216
DA:1424,288
DA:1425,88
DA:1426,88
DA:1427,352
DA:1432,352
DA:1433,352
DA:1436,52
DA:1437,52
DA:1438,152
DA:1439,152
DA:1441,52
DA:1442,52
DA:1443,52
DA:1444,52
DA:1447,72
DA:1448,318
DA:1449,438
DA:1451,72
DA:1452,72
DA:1454,72
DA:1455,72
DA:1456,0
DA:1459,72
DA:1460,72
DA:1461,72
DA:1462,72
DA:1463,72
DA:1464,72
DA:1465,72
DA:1466,72
DA:1469,72
DA:1470,72
DA:1471,72
DA:1472,72
DA:1476,72
DA:1477,72
DA:1478,72
DA:1479,72
DA:1482,70
DA:1483,70
DA:1484,70
DA:1485,70
DA:1487,70
DA:1488,70
DA:1489,70
DA:1492,0
DA:1494,0
DA:1495,0
DA:1496,0
DA:1499,0
DA:1500,0
DA:1506,0
DA:1509,0
DA:1510,0
DA:1511,0
DA:1514,0
DA:1517,0
DA:1520,70
DA:1521,36
DA:1522,36
DA:1525,34
DA:1527,34
DA:1528,0
DA:1529,0
DA:1532,34
DA:1533,34
DA:1539,34
DA:1542,34
DA:1543,14
DA:1544,14
DA:1547,20
DA:1550,14
DA:1553,36
DA:1557,70
DA:1563,52
DA:1564,72
DA:1569,50
DA:1570,50
DA:1574,50
DA:1580,352
DA:1581,52
DA:1585,352
DA:1587,88
DA:1589,88
DA:1590,88
DA:1592,88
DA:1594,88
LF:709
LH:384
BRDA:4,0,0,0
BRDA:4,0,1,88
BRDA:4,1,0,88
BRDA:4,1,1,88
BRDA:4,1,2,0
BRDA:9,2,0,0
BRDA:9,2,1,10
BRDA:24,3,0,70
BRDA:24,3,1,0
BRDA:28,4,0,0
BRDA:28,4,1,0
BRDA:28,5,0,0
BRDA:28,5,1,0
BRDA:38,6,0,0
BRDA:38,6,1,0
BRDA:38,7,0,0
BRDA:38,7,1,0
BRDA:45,8,0,0
BRDA:45,8,1,0
BRDA:45,9,0,0
BRDA:45,9,1,0
BRDA:47,10,0,0
BRDA:47,10,1,0
BRDA:55,11,0,0
BRDA:55,11,1,0
BRDA:55,12,0,0
BRDA:55,12,1,0
BRDA:65,13,0,0
BRDA:65,13,1,0
BRDA:66,14,0,0
BRDA:66,14,1,0
BRDA:68,15,0,0
BRDA:68,15,1,0
BRDA:68,16,0,0
BRDA:68,16,1,0
BRDA:69,17,0,0
BRDA:69,17,1,0
BRDA:69,18,0,0
BRDA:69,18,1,0
BRDA:70,19,0,0
BRDA:70,19,1,0
BRDA:70,20,0,0
BRDA:70,20,1,0
BRDA:78,21,0,70
BRDA:78,21,1,0
BRDA:78,21,2,0
BRDA:78,21,3,0
BRDA:82,22,0,0
BRDA:82,22,1,72
BRDA:89,23,0,40
BRDA:89,23,1,10
BRDA:97,24,0,0
BRDA:97,24,1,72
BRDA:101,25,0,72
BRDA:101,25,1,0
BRDA:106,26,0,0
BRDA:106,26,1,0
BRDA:107,27,0,0
BRDA:107,27,1,0
BRDA:124,28,0,172
BRDA:124,28,1,230
BRDA:169,29,0,88
BRDA:169,29,1,0
BRDA:170,30,0,88
BRDA:170,30,1,0
BRDA:171,31,0,88
BRDA:171,31,1,0
BRDA:172,32,0,88
BRDA:172,32,1,0
BRDA:194,33,0,196
BRDA:194,33,1,0
BRDA:194,34,0,196
BRDA:194,34,1,196
BRDA:196,35,0,196
BRDA:196,35,1,196
BRDA:249,36,0,88
BRDA:249,36,1,88
BRDA:250,37,0,88
BRDA:250,37,1,0
BRDA:250,38,0,88
BRDA:250,38,1,88
BRDA:250,38,2,88
BRDA:279,39,0,0
BRDA:279,39,1,0
BRDA:280,40,0,0
BRDA:280,40,1,0
BRDA:281,41,0,0
BRDA:281,41,1,0
BRDA:284,42,0,0
BRDA:284,42,1,0
BRDA:289,43,0,580
BRDA:289,43,1,0
BRDA:310,44,0,0
BRDA:310,44,1,0
BRDA:315,45,0,0
BRDA:315,45,1,0
BRDA:315,46,0,0
BRDA:315,46,1,0
BRDA:315,46,2,0
BRDA:361,47,0,0
BRDA:361,47,1,0
BRDA:384,48,0,0
BRDA:384,48,1,0
BRDA:391,49,0,0
BRDA:391,49,1,0
BRDA:394,50,0,0
BRDA:394,50,1,0
BRDA:402,51,0,0
BRDA:402,51,1,422
BRDA:406,52,0,0
BRDA:406,52,1,422
BRDA:407,53,0,0
BRDA:407,53,1,0
BRDA:421,54,0,0
BRDA:421,54,1,634
BRDA:423,55,0,0
BRDA:423,55,1,0
BRDA:424,56,0,0
BRDA:424,56,1,0
BRDA:429,57,0,422
BRDA:429,57,1,212
BRDA:434,58,0,40
BRDA:434,58,1,172
BRDA:435,59,0,0
BRDA:435,59,1,40
BRDA:442,60,0,172
BRDA:442,60,1,0
BRDA:449,61,0,574
BRDA:449,61,1,40
BRDA:452,62,0,172
BRDA:452,62,1,402
BRDA:456,63,0,172
BRDA:456,63,1,402
BRDA:465,64,0,40
BRDA:465,64,1,0
BRDA:482,65,0,0
BRDA:482,65,1,0
BRDA:487,66,0,0
BRDA:487,66,1,0
BRDA:489,67,0,0
BRDA:489,67,1,0
BRDA:496,68,0,0
BRDA:496,68,1,0
BRDA:513,69,0,0
BRDA:513,69,1,0
BRDA:522,70,0,0
BRDA:522,70,1,0
BRDA:529,71,0,0
BRDA:529,71,1,0
BRDA:543,72,0,0
BRDA:543,72,1,0
BRDA:581,73,0,0
BRDA:581,73,1,0
BRDA:585,74,0,0
BRDA:585,74,1,0
BRDA:594,75,0,196
BRDA:594,75,1,196
BRDA:621,76,0,0
BRDA:621,76,1,0
BRDA:637,77,0,88
BRDA:637,77,1,0
BRDA:639,78,0,88
BRDA:639,78,1,0
BRDA:643,79,0,0
BRDA:643,79,1,0
BRDA:647,80,0,0
BRDA:647,80,1,0
BRDA:650,81,0,0
BRDA:650,81,1,0
BRDA:693,82,0,0
BRDA:693,82,1,196
BRDA:696,83,0,0
BRDA:696,83,1,0
BRDA:696,84,0,0
BRDA:696,84,1,0
BRDA:696,84,2,0
BRDA:710,85,0,20
BRDA:710,85,1,172
BRDA:718,86,0,20
BRDA:718,86,1,20
BRDA:728,87,0,0
BRDA:728,87,1,20
BRDA:742,88,0,20
BRDA:742,88,1,0
BRDA:749,89,0,0
BRDA:749,89,1,0
BRDA:753,90,0,0
BRDA:753,90,1,0
BRDA:753,91,0,0
BRDA:753,91,1,0
BRDA:754,92,0,0
BRDA:754,92,1,0
BRDA:756,93,0,0
BRDA:756,93,1,0
BRDA:760,94,0,0
BRDA:760,94,1,0
BRDA:761,95,0,0
BRDA:761,95,1,0
BRDA:765,96,0,0
BRDA:765,96,1,0
BRDA:766,97,0,0
BRDA:766,97,1,0
BRDA:780,98,0,0
BRDA:780,98,1,344
BRDA:780,99,0,344
BRDA:780,99,1,0
BRDA:780,99,2,0
BRDA:788,100,0,0
BRDA:788,100,1,344
BRDA:788,101,0,344
BRDA:788,101,1,0
BRDA:788,101,2,0
BRDA:788,101,3,0
BRDA:788,101,4,0
BRDA:798,102,0,0
BRDA:798,102,1,344
BRDA:802,103,0,0
BRDA:802,103,1,344
BRDA:812,104,0,0
BRDA:812,104,1,344
BRDA:816,105,0,0
BRDA:816,105,1,344
BRDA:816,106,0,344
BRDA:816,106,1,344
BRDA:819,107,0,344
BRDA:819,107,1,0
BRDA:823,108,0,0
BRDA:823,108,1,0
BRDA:823,109,0,0
BRDA:823,109,1,0
BRDA:833,110,0,0
BRDA:833,110,1,0
BRDA:844,111,0,0
BRDA:844,111,1,0
BRDA:846,112,0,0
BRDA:846,112,1,0
BRDA:866,113,0,0
BRDA:866,113,1,0
BRDA:911,114,0,8
BRDA:911,114,1,0
BRDA:911,115,0,8
BRDA:911,115,1,8
BRDA:917,116,0,0
BRDA:917,116,1,0
BRDA:917,117,0,0
BRDA:917,117,1,0
BRDA:917,117,2,0
BRDA:917,117,3,0
BRDA:937,118,0,0
BRDA:937,118,1,20
BRDA:937,119,0,20
BRDA:937,119,1,20
BRDA:941,120,0,0
BRDA:941,120,1,20
BRDA:945,121,0,0
BRDA:945,121,1,20
BRDA:950,122,0,20
BRDA:950,122,1,0
BRDA:971,123,0,0
BRDA:971,123,1,52
BRDA:977,124,0,52
BRDA:977,124,1,0
BRDA:978,125,0,52
BRDA:978,125,1,52
BRDA:978,125,2,52
BRDA:987,126,0,0
BRDA:987,126,1,52
BRDA:999,127,0,0
BRDA:999,127,1,0
BRDA:1008,128,0,0
BRDA:1008,128,1,20
BRDA:1012,129,0,0
BRDA:1012,129,1,20
BRDA:1016,130,0,0
BRDA:1016,130,1,20
BRDA:1016,131,0,20
BRDA:1016,131,1,20
BRDA:1024,132,0,0
BRDA:1024,132,1,20
BRDA:1025,133,0,0
BRDA:1025,133,1,0
BRDA:1039,134,0,0
BRDA:1039,134,1,20
BRDA:1044,135,0,0
BRDA:1044,135,1,0
BRDA:1052,136,0,0
BRDA:1052,136,1,20
BRDA:1062,137,0,0
BRDA:1062,137,1,52
BRDA:1063,138,0,0
BRDA:1063,138,1,0
BRDA:1066,139,0,0
BRDA:1066,139,1,0
BRDA:1072,140,0,0
BRDA:1072,140,1,52
BRDA:1104,141,0,0
BRDA:1104,141,1,0
BRDA:1115,142,0,0
BRDA:1115,142,1,0
BRDA:1119,143,0,0
BRDA:1119,143,1,0
BRDA:1132,144,0,52
BRDA:1132,144,1,52
BRDA:1133,145,0,52
BRDA:1133,145,1,52
BRDA:1134,146,0,52
BRDA:1134,146,1,52
BRDA:1139,147,0,0
BRDA:1139,147,1,52
BRDA:1154,148,0,0
BRDA:1154,148,1,52
BRDA:1163,149,0,0
BRDA:1163,149,1,52
BRDA:1163,150,0,52
BRDA:1163,150,1,52
BRDA:1163,150,2,0
BRDA:1176,151,0,0
BRDA:1176,151,1,60
BRDA:1187,152,0,0
BRDA:1187,152,1,0
BRDA:1192,153,0,0
BRDA:1192,153,1,0
BRDA:1195,154,0,0
BRDA:1195,154,1,0
BRDA:1211,155,0,0
BRDA:1211,155,1,0
BRDA:1214,156,0,0
BRDA:1214,156,1,0
BRDA:1234,157,0,40
BRDA:1234,157,1,40
BRDA:1234,157,2,20
BRDA:1241,158,0,0
BRDA:1241,158,1,52
BRDA:1241,159,0,52
BRDA:1241,159,1,0
BRDA:1255,160,0,0
BRDA:1255,160,1,20
BRDA:1263,161,0,20
BRDA:1263,161,1,0
BRDA:1266,162,0,20
BRDA:1266,162,1,0
BRDA:1266,163,0,20
BRDA:1266,163,1,0
BRDA:1282,164,0,88
BRDA:1282,164,1,0
BRDA:1282,165,0,0
BRDA:1282,165,1,0
BRDA:1305,166,0,0
BRDA:1305,166,1,0
BRDA:1329,167,0,0
BRDA:1329,167,1,0
BRDA:1329,167,2,0
BRDA:1329,167,3,0
BRDA:1333,168,0,0
BRDA:1333,168,1,0
BRDA:1335,169,0,0
BRDA:1335,169,1,0
BRDA:1341,170,0,0
BRDA:1341,170,1,0
BRDA:1344,171,0,0
BRDA:1344,171,1,0
BRDA:1344,172,0,0
BRDA:1344,172,1,0
BRDA:1344,172,2,0
BRDA:1377,173,0,72
BRDA:1377,173,1,0
BRDA:1377,173,2,72
BRDA:1377,173,3,0
BRDA:1377,173,4,72
BRDA:1379,174,0,72
BRDA:1379,174,1,0
BRDA:1379,174,2,72
BRDA:1381,175,0,72
BRDA:1381,175,1,0
BRDA:1422,176,0,216
BRDA:1422,176,1,0
BRDA:1422,177,0,216
BRDA:1422,177,1,0
BRDA:1424,178,0,288
BRDA:1424,178,1,0
BRDA:1424,179,0,216
BRDA:1424,179,1,72
BRDA:1424,180,0,72
BRDA:1424,180,1,0
BRDA:1425,181,0,88
BRDA:1425,181,1,0
BRDA:1427,182,0,264
BRDA:1427,182,1,88
BRDA:1427,183,0,352
BRDA:1427,183,1,264
BRDA:1439,184,0,52
BRDA:1439,184,1,50
BRDA:1439,184,2,0
BRDA:1439,184,3,50
BRDA:1441,185,0,30
BRDA:1441,185,1,22
BRDA:1441,186,0,52
BRDA:1441,186,1,52
BRDA:1449,187,0,72
BRDA:1449,187,1,72
BRDA:1449,187,2,70
BRDA:1449,187,3,0
BRDA:1449,187,4,0
BRDA:1449,187,5,0
BRDA:1449,187,6,70
BRDA:1449,187,7,34
BRDA:1449,187,8,34
BRDA:1449,187,9,14
BRDA:1449,187,10,36
BRDA:1449,187,11,0
BRDA:1449,187,12,70
BRDA:1451,188,0,52
BRDA:1451,188,1,20
BRDA:1451,189,0,52
BRDA:1451,189,1,20
BRDA:1451,190,0,72
BRDA:1451,190,1,0
BRDA:1451,191,0,72
BRDA:1451,191,1,0
BRDA:1452,192,0,72
BRDA:1452,192,1,0
BRDA:1452,192,2,0
BRDA:1487,193,0,70
BRDA:1487,193,1,0
BRDA:1494,194,0,0
BRDA:1494,194,1,0
BRDA:1509,195,0,0
BRDA:1509,195,1,0
BRDA:1520,196,0,36
BRDA:1520,196,1,34
BRDA:1527,197,0,0
BRDA:1527,197,1,34
BRDA:1542,198,0,14
BRDA:1542,198,1,20
BRDA:1566,199,0,52
BRDA:1566,199,1,44
BRF:436
BRH:162
end_of_record
TN:
SF:dist\client\enterprise-fetch.esm.js
FN:1,(anonymous_0)
FN:4,_interopDefaultLegacy
FN:8,_defineProperty
FN:23,ownKeys
FN:28,(anonymous_4)
FN:37,_objectSpread2
FN:42,(anonymous_6)
FN:48,(anonymous_7)
FN:57,_objectWithoutPropertiesLoose
FN:72,_objectWithoutProperties
FN:93,assign
FN:105,createError
FN:129,(anonymous_12)
FN:139,createCommonjsModule
FN:144,RetryOperation
FN:168,(anonymous_15)
FN:173,(anonymous_16)
FN:182,(anonymous_17)
FN:211,(anonymous_18)
FN:215,(anonymous_19)
FN:234,(anonymous_20)
FN:248,(anonymous_21)
FN:258,(anonymous_22)
FN:263,(anonymous_23)
FN:270,(anonymous_24)
FN:274,(anonymous_25)
FN:278,(anonymous_26)
FN:303,(anonymous_27)
FN:304,(anonymous_28)
FN:313,(anonymous_29)
FN:343,(anonymous_30)
FN:350,(anonymous_31)
FN:361,(anonymous_32)
FN:380,retryWrapper
FN:385,(anonymous_34)
FN:395,(anonymous_35)
FN:408,isRetryError
FN:412,promiseRetry
FN:425,(anonymous_38)
FN:426,(anonymous_39)
FN:428,(anonymous_40)
FN:429,(anonymous_41)
FN:437,(anonymous_42)
FN:474,to
FN:476,(anonymous_44)
FN:477,(anonymous_45)
FN:496,(anonymous_46)
FN:520,(anonymous_47)
FN:537,(anonymous_48)
FN:539,(anonymous_49)
FN:542,(anonymous_50)
FN:546,(anonymous_51)
FN:547,(anonymous_52)
FN:558,(anonymous_53)
FNF:54
FNH:38
FNDA:88,(anonymous_0)
FNDA:88,_interopDefaultLegacy
FNDA:58,_defineProperty
FNDA:1758,ownKeys
FNDA:0,(anonymous_4)
FNDA:1758,_objectSpread2
FNDA:58,(anonymous_6)
FNDA:0,(anonymous_7)
FNDA:586,_objectWithoutPropertiesLoose
FNDA:586,_objectWithoutProperties
FNDA:265,assign
FNDA:265,createError
FNDA:0,(anonymous_12)
FNDA:88,createCommonjsModule
FNDA:322,RetryOperation
FNDA:0,(anonymous_15)
FNDA:0,(anonymous_16)
FNDA:265,(anonymous_17)
FNDA:264,(anonymous_18)
FNDA:0,(anonymous_19)
FNDA:322,(anonymous_20)
FNDA:0,(anonymous_21)
FNDA:0,(anonymous_22)
FNDA:0,(anonymous_23)
FNDA:0,(anonymous_24)
FNDA:0,(anonymous_25)
FNDA:0,(anonymous_26)
FNDA:88,(anonymous_27)
FNDA:322,(anonymous_28)
FNDA:322,(anonymous_29)
FNDA:1406,(anonymous_30)
FNDA:1728,(anonymous_31)
FNDA:0,(anonymous_32)
FNDA:0,retryWrapper
FNDA:0,(anonymous_34)
FNDA:0,(anonymous_35)
FNDA:552,isRetryError
FNDA:322,promiseRetry
FNDA:322,(anonymous_38)
FNDA:586,(anonymous_39)
FNDA:586,(anonymous_40)
FNDA:265,(anonymous_41)
FNDA:287,(anonymous_42)
FNDA:586,to
FNDA:508,(anonymous_44)
FNDA:69,(anonymous_45)
FNDA:345,(anonymous_46)
FNDA:586,(anonymous_47)
FNDA:379,(anonymous_48)
FNDA:88,(anonymous_49)
FNDA:352,(anonymous_50)
FNDA:322,(anonymous_51)
FNDA:586,(anonymous_52)
FNDA:123,(anonymous_53)
DA:1,88
DA:4,88
DA:6,88
DA:9,58
DA:10,0
DA:17,58
DA:20,58
DA:24,1758
DA:26,1758
DA:27,1758
DA:28,1758
DA:29,0
DA:31,1758
DA:34,1758
DA:38,1758
DA:39,2344
DA:41,2344
DA:42,1758
DA:43,58
DA:45,586
DA:46,586
DA:48,0
DA:49,0
DA:54,1758
DA:58,586
DA:59,586
DA:60,586
DA:63,586
DA:64,466
DA:65,466
DA:66,58
DA:69,586
DA:73,586
DA:75,586
DA:79,586
DA:80,586
DA:82,586
DA:83,0
DA:84,0
DA:85,0
DA:86,0
DA:90,586
DA:94,265
DA:95,530
DA:102,265
DA:106,265
DA:107,0
DA:110,265
DA:111,0
DA:114,265
DA:115,0
DA:116,0
DA:119,265
DA:120,265
DA:123,265
DA:124,265
DA:126,0
DA:127,0
DA:129,0
DA:131,0
DA:133,0
DA:137,88
DA:140,88
DA:141,88
DA:146,322
DA:147,0
DA:150,322
DA:151,322
DA:152,322
DA:153,322
DA:154,322
DA:155,322
DA:156,322
DA:157,322
DA:158,322
DA:159,322
DA:160,322
DA:162,322
DA:163,0
DA:166,88
DA:168,88
DA:169,0
DA:170,0
DA:173,88
DA:174,0
DA:175,0
DA:178,0
DA:179,0
DA:182,88
DA:183,265
DA:184,0
DA:187,265
DA:188,0
DA:190,265
DA:191,265
DA:192,0
DA:193,0
DA:196,265
DA:198,265
DA:199,265
DA:200,0
DA:202,0
DA:203,0
DA:204,0
DA:206,0
DA:210,265
DA:211,265
DA:212,264
DA:214,264
DA:215,0
DA:216,0
DA:219,0
DA:220,0
DA:224,264
DA:227,265
DA:228,0
DA:231,265
DA:234,88
DA:235,322
DA:237,322
DA:238,0
DA:239,0
DA:241,0
DA:242,0
DA:246,322
DA:247,322
DA:248,0
DA:249,0
DA:253,322
DA:255,322
DA:258,88
DA:259,0
DA:260,0
DA:263,88
DA:264,0
DA:265,0
DA:268,88
DA:270,88
DA:271,0
DA:274,88
DA:275,0
DA:278,88
DA:279,0
DA:280,0
DA:283,0
DA:284,0
DA:285,0
DA:287,0
DA:288,0
DA:289,0
DA:290,0
DA:292,0
DA:294,0
DA:295,0
DA:296,0
DA:300,0
DA:303,88
DA:304,88
DA:305,322
DA:306,322
DA:313,88
DA:314,322
DA:315,0
DA:318,322
DA:325,322
DA:326,496
DA:329,322
DA:330,0
DA:333,322
DA:334,322
DA:335,1728
DA:338,322
DA:339,0
DA:343,322
DA:344,1406
DA:347,322
DA:350,88
DA:351,1728
DA:355,1728
DA:356,1728
DA:358,1728
DA:361,88
DA:362,0
DA:363,0
DA:364,0
DA:367,0
DA:368,0
DA:369,0
DA:370,0
DA:371,0
DA:376,0
DA:377,0
DA:378,0
DA:380,0
DA:381,0
DA:382,0
DA:383,0
DA:385,0
DA:386,0
DA:387,0
DA:389,0
DA:390,0
DA:392,0
DA:395,0
DA:396,0
DA:399,0
DA:404,88
DA:406,88
DA:409,552
DA:416,322
DA:418,0
DA:419,0
DA:420,0
DA:423,322
DA:425,322
DA:426,322
DA:427,586
DA:429,586
DA:430,265
DA:431,0
DA:434,265
DA:438,287
DA:439,265
DA:441,265
DA:442,265
DA:446,22
DA:452,88
DA:458,88
DA:463,88
DA:464,88
DA:465,88
DA:466,88
DA:467,88
DA:475,586
DA:476,508
DA:478,69
DA:479,0
DA:481,69
DA:485,88
DA:503,345
DA:505,345
DA:506,245
DA:507,245
DA:510,245
DA:511,245
DA:515,100
DA:520,88
DA:521,586
DA:523,586
DA:524,0
DA:525,0
DA:528,0
DA:529,0
DA:534,586
DA:537,379
DA:539,88
DA:541,88
DA:542,88
DA:546,352
DA:547,322
DA:552,586
DA:553,586
DA:555,586
DA:557,586
DA:558,586
DA:559,123
DA:562,586
DA:567,577
DA:568,69
DA:572,47
DA:575,22
DA:578,508
DA:579,310
DA:583,218
DA:586,92
DA:589,198
DA:591,290
DA:594,352
DA:596,88
DA:598,88
DA:599,88
DA:601,88
DA:603,88
LF:283
LH:182
BRDA:4,0,0,0
BRDA:4,0,1,88
BRDA:4,1,0,88
BRDA:4,1,1,88
BRDA:4,1,2,0
BRDA:9,2,0,0
BRDA:9,2,1,58
BRDA:26,3,0,1758
BRDA:26,3,1,0
BRDA:28,4,0,1758
BRDA:28,4,1,0
BRDA:39,5,0,2344
BRDA:39,5,1,0
BRDA:41,6,0,1758
BRDA:41,6,1,586
BRDA:45,7,0,586
BRDA:45,7,1,0
BRDA:58,8,0,0
BRDA:58,8,1,586
BRDA:65,9,0,408
BRDA:65,9,1,58
BRDA:73,10,0,0
BRDA:73,10,1,586
BRDA:79,11,0,586
BRDA:79,11,1,0
BRDA:84,12,0,0
BRDA:84,12,1,0
BRDA:85,13,0,0
BRDA:85,13,1,0
BRDA:106,14,0,0
BRDA:106,14,1,265
BRDA:106,15,0,265
BRDA:106,15,1,265
BRDA:110,16,0,0
BRDA:110,16,1,265
BRDA:114,17,0,0
BRDA:114,17,1,265
BRDA:119,18,0,265
BRDA:119,18,1,0
BRDA:146,19,0,0
BRDA:146,19,1,322
BRDA:152,20,0,322
BRDA:152,20,1,0
BRDA:153,21,0,322
BRDA:153,21,1,322
BRDA:153,21,2,322
BRDA:162,22,0,0
BRDA:162,22,1,322
BRDA:174,23,0,0
BRDA:174,23,1,0
BRDA:183,24,0,0
BRDA:183,24,1,265
BRDA:187,25,0,0
BRDA:187,25,1,265
BRDA:191,26,0,0
BRDA:191,26,1,265
BRDA:191,27,0,265
BRDA:191,27,1,265
BRDA:199,28,0,0
BRDA:199,28,1,265
BRDA:200,29,0,0
BRDA:200,29,1,0
BRDA:214,30,0,0
BRDA:214,30,1,264
BRDA:219,31,0,0
BRDA:219,31,1,0
BRDA:227,32,0,0
BRDA:227,32,1,265
BRDA:237,33,0,0
BRDA:237,33,1,322
BRDA:238,34,0,0
BRDA:238,34,1,0
BRDA:241,35,0,0
BRDA:241,35,1,0
BRDA:247,36,0,0
BRDA:247,36,1,322
BRDA:279,37,0,0
BRDA:279,37,1,0
BRDA:290,38,0,0
BRDA:290,38,1,0
BRDA:294,39,0,0
BRDA:294,39,1,0
BRDA:307,40,0,322
BRDA:307,40,1,190
BRDA:308,41,0,322
BRDA:308,41,1,190
BRDA:309,42,0,322
BRDA:309,42,1,190
BRDA:314,43,0,0
BRDA:314,43,1,322
BRDA:329,44,0,0
BRDA:329,44,1,322
BRDA:338,45,0,0
BRDA:338,45,1,322
BRDA:338,46,0,322
BRDA:338,46,1,190
BRDA:338,46,2,0
BRDA:351,47,0,0
BRDA:351,47,1,1728
BRDA:362,48,0,0
BRDA:362,48,1,0
BRDA:367,49,0,0
BRDA:367,49,1,0
BRDA:370,50,0,0
BRDA:370,50,1,0
BRDA:386,51,0,0
BRDA:386,51,1,0
BRDA:389,52,0,0
BRDA:389,52,1,0
BRDA:409,53,0,552
BRDA:409,53,1,552
BRDA:409,53,2,265
BRDA:416,54,0,0
BRDA:416,54,1,322
BRDA:416,55,0,322
BRDA:416,55,1,0
BRDA:430,56,0,0
BRDA:430,56,1,265
BRDA:438,57,0,265
BRDA:438,57,1,22
BRDA:441,58,0,265
BRDA:441,58,1,0
BRDA:441,59,0,265
BRDA:441,59,1,0
BRDA:458,60,0,88
BRDA:458,60,1,0
BRDA:459,61,0,0
BRDA:459,61,1,0
BRDA:478,62,0,0
BRDA:478,62,1,69
BRDA:502,63,0,168
BRDA:505,64,0,245
BRDA:505,64,1,100
BRDA:507,65,0,47
BRDA:507,65,1,198
BRDA:510,66,0,245
BRDA:510,66,1,0
BRDA:510,67,0,245
BRDA:510,67,1,198
BRDA:510,67,2,198
BRDA:521,68,0,586
BRDA:521,68,1,0
BRDA:521,68,2,586
BRDA:523,69,0,0
BRDA:523,69,1,586
BRDA:541,70,0,88
BRDA:541,70,1,0
BRDA:542,71,0,88
BRDA:546,72,0,124
BRDA:549,73,0,382
BRDA:550,74,0,382
BRDA:551,75,0,586
BRDA:551,76,0,586
BRDA:551,76,1,378
BRDA:555,77,0,586
BRDA:555,77,1,222
BRDA:555,77,2,222
BRDA:567,78,0,69
BRDA:567,78,1,508
BRDA:568,79,0,47
BRDA:568,79,1,22
BRDA:568,80,0,69
BRDA:568,80,1,69
BRDA:578,81,0,310
BRDA:578,81,1,198
BRDA:579,82,0,218
BRDA:579,82,1,92
BRDA:579,83,0,310
BRDA:579,83,1,310
BRDA:590,84,0,322
BRDA:590,84,1,248
BRF:171
BRH:98
end_of_record
